/usr/bin/mkdir: /usr/bin/mkdir: cannot execute binary file
/usr/bin/mkdir: /usr/bin/mkdir: cannot execute binary file
[2024-08-11 12:32:27,885] torch.distributed.run: [WARNING] 
[2024-08-11 12:32:27,885] torch.distributed.run: [WARNING] *****************************************
[2024-08-11 12:32:27,885] torch.distributed.run: [WARNING] Setting OMP_NUM_THREADS environment variable for each process to be 1 in default, to avoid your system being overloaded, please further tune the variable for optimal performance in your application as needed. 
[2024-08-11 12:32:27,885] torch.distributed.run: [WARNING] *****************************************
/ikerlariak/pontalvilla001/VaLM/fairseq/fairseq/distributed/utils.py:620: UserWarning: The torch.cuda.*DtypeTensor constructors are no longer recommended. It's best to use methods such as torch.tensor(data, dtype=*, device='cuda') to create tensors. (Triggered internally at ../torch/csrc/tensor/python_tensor.cpp:83.)
  all_gather_list._buffer = torch.cuda.ByteTensor(buffer_size)
/ikerlariak/pontalvilla001/VaLM/fairseq/fairseq/distributed/utils.py:620: UserWarning: The torch.cuda.*DtypeTensor constructors are no longer recommended. It's best to use methods such as torch.tensor(data, dtype=*, device='cuda') to create tensors. (Triggered internally at ../torch/csrc/tensor/python_tensor.cpp:83.)
  all_gather_list._buffer = torch.cuda.ByteTensor(buffer_size)
/ikerlariak/pontalvilla001/VaLM/fairseq/fairseq/distributed/utils.py:620: UserWarning: The torch.cuda.*DtypeTensor constructors are no longer recommended. It's best to use methods such as torch.tensor(data, dtype=*, device='cuda') to create tensors. (Triggered internally at ../torch/csrc/tensor/python_tensor.cpp:83.)
  all_gather_list._buffer = torch.cuda.ByteTensor(buffer_size)
/ikerlariak/pontalvilla001/VaLM/fairseq/fairseq/distributed/utils.py:620: UserWarning: The torch.cuda.*DtypeTensor constructors are no longer recommended. It's best to use methods such as torch.tensor(data, dtype=*, device='cuda') to create tensors. (Triggered internally at ../torch/csrc/tensor/python_tensor.cpp:83.)
  all_gather_list._buffer = torch.cuda.ByteTensor(buffer_size)
wandb: Currently logged in as: paula-ontalvilla (paulaixa). Use `wandb login --relogin` to force relogin
wandb: wandb version 0.17.6 is available!  To upgrade, please run:
wandb:  $ pip install wandb --upgrade
wandb: Tracking run with wandb version 0.17.5
wandb: Run data is saved locally in /ikerlariak/pontalvilla001/VaLM/wandb/run-20240811_123650-2j679wyg
wandb: Run `wandb offline` to turn off syncing.
wandb: Syncing run checkpoint_valmA100_88255upd_lrx4
wandb: ⭐️ View project at https://wandb.ai/paulaixa/VaLM-baseline
wandb: 🚀 View run at https://wandb.ai/paulaixa/VaLM-baseline/runs/2j679wyg
/ikerlariak/pontalvilla001/VaLM/VaLM_ve_image/lib/python3.9/site-packages/torch/nn/functional.py:5076: UserWarning: Support for mismatched key_padding_mask and attn_mask is deprecated. Use same type for both instead.
  warnings.warn(
/ikerlariak/pontalvilla001/VaLM/VaLM_ve_image/lib/python3.9/site-packages/torch/nn/functional.py:5076: UserWarning: Support for mismatched key_padding_mask and attn_mask is deprecated. Use same type for both instead.
  warnings.warn(
wandb: ERROR Dropped streaming file chunk (see wandb/debug-internal.log)
wandb: ERROR Dropped streaming file chunk (see wandb/debug-internal.log)
