Hasi da
2024-08-11 12:33:49 | INFO | fairseq.distributed.utils | setting CUDA device=3 on rank 3
2024-08-11 12:33:49 | INFO | fairseq.distributed.utils | setting CUDA device=2 on rank 2
2024-08-11 12:33:49 | INFO | fairseq.distributed.utils | setting CUDA device=1 on rank 1
2024-08-11 12:33:49 | INFO | fairseq.distributed.utils | distributed init (rank 0): env://
2024-08-11 12:33:49 | INFO | fairseq.distributed.utils | initialized host durunda as rank 0
2024-08-11 12:33:50 | INFO | fairseq.distributed.utils | distributed init (rank 1): env://
2024-08-11 12:33:50 | INFO | fairseq.distributed.utils | initialized host durunda as rank 1
2024-08-11 12:33:50 | INFO | fairseq.distributed.utils | distributed init (rank 2): env://
2024-08-11 12:33:50 | INFO | fairseq.distributed.utils | initialized host durunda as rank 2
2024-08-11 12:33:50 | INFO | fairseq.distributed.utils | distributed init (rank 3): env://
2024-08-11 12:33:50 | INFO | fairseq.distributed.utils | initialized host durunda as rank 3
NCCL version 2.18.1+cuda12.1
{'_name': 'language_modeling', 'data': './data/data-bin/0:./data/data-bin/1:./data/data-bin/2:./data/data-bin/3:./data/data-bin/4:./data/data-bin/5:./data/data-bin/6:./data/data-bin/7:./data/data-bin/8:./data/data-bin/9:./data/data-bin/10:./data/data-bin/11:./data/data-bin/12:./data/data-bin/13', 'sample_break_mode': none, 'tokens_per_sample': 512, 'output_dictionary_size': -1, 'self_target': False, 'future_target': False, 'past_target': False, 'add_bos_token': False, 'max_target_positions': None, 'shorten_method': none, 'shorten_data_split_list': '', 'pad_to_fixed_length': False, 'pad_to_fixed_bsz': False, 'seed': 1, 'batch_size': None, 'batch_size_valid': None, 'dataset_impl': None, 'data_buffer_size': 10, 'tpu': False, 'use_plasma_view': False, 'plasma_path': '/tmp/plasma'}
{'_name': 'language_modeling', 'data': './data/data-bin/0:./data/data-bin/1:./data/data-bin/2:./data/data-bin/3:./data/data-bin/4:./data/data-bin/5:./data/data-bin/6:./data/data-bin/7:./data/data-bin/8:./data/data-bin/9:./data/data-bin/10:./data/data-bin/11:./data/data-bin/12:./data/data-bin/13', 'sample_break_mode': none, 'tokens_per_sample': 512, 'output_dictionary_size': -1, 'self_target': False, 'future_target': False, 'past_target': False, 'add_bos_token': False, 'max_target_positions': None, 'shorten_method': none, 'shorten_data_split_list': '', 'pad_to_fixed_length': False, 'pad_to_fixed_bsz': False, 'seed': 1, 'batch_size': None, 'batch_size_valid': None, 'dataset_impl': None, 'data_buffer_size': 10, 'tpu': False, 'use_plasma_view': False, 'plasma_path': '/tmp/plasma'}
{'_name': 'language_modeling', 'data': './data/data-bin/0:./data/data-bin/1:./data/data-bin/2:./data/data-bin/3:./data/data-bin/4:./data/data-bin/5:./data/data-bin/6:./data/data-bin/7:./data/data-bin/8:./data/data-bin/9:./data/data-bin/10:./data/data-bin/11:./data/data-bin/12:./data/data-bin/13', 'sample_break_mode': none, 'tokens_per_sample': 512, 'output_dictionary_size': -1, 'self_target': False, 'future_target': False, 'past_target': False, 'add_bos_token': False, 'max_target_positions': None, 'shorten_method': none, 'shorten_data_split_list': '', 'pad_to_fixed_length': False, 'pad_to_fixed_bsz': False, 'seed': 1, 'batch_size': None, 'batch_size_valid': None, 'dataset_impl': None, 'data_buffer_size': 10, 'tpu': False, 'use_plasma_view': False, 'plasma_path': '/tmp/plasma'}
2024-08-11 12:34:00 | INFO | fairseq_cli.train | {'_name': None, 'common': {'_name': None, 'no_progress_bar': False, 'log_interval': 100, 'log_format': None, 'log_file': None, 'tensorboard_logdir': None, 'wandb_project': 'VaLM-baseline', 'azureml_logging': False, 'seed': 1, 'cpu': False, 'tpu': False, 'bf16': False, 'memory_efficient_bf16': False, 'fp16': True, 'memory_efficient_fp16': False, 'fp16_no_flatten_grads': False, 'fp16_init_scale': 128, 'fp16_scale_window': None, 'fp16_scale_tolerance': 0.0, 'on_cpu_convert_precision': False, 'min_loss_scale': 0.0001, 'threshold_loss_scale': None, 'amp': False, 'amp_batch_retries': 2, 'amp_init_scale': 128, 'amp_scale_window': None, 'user_dir': None, 'empty_cache_freq': 0, 'all_gather_list_size': 16384, 'model_parallel_size': 1, 'quantization_config_path': None, 'profile': False, 'reset_logging': False, 'suppress_crashes': False, 'use_plasma_view': False, 'plasma_path': '/tmp/plasma'}, 'common_eval': {'_name': None, 'path': None, 'post_process': None, 'quiet': False, 'model_overrides': '{}', 'results_path': None}, 'distributed_training': {'_name': None, 'distributed_world_size': 4, 'distributed_num_procs': 4, 'distributed_rank': 0, 'distributed_backend': 'nccl', 'distributed_init_method': 'env://', 'distributed_port': -1, 'device_id': 0, 'distributed_no_spawn': True, 'ddp_backend': 'legacy_ddp', 'ddp_comm_hook': 'none', 'bucket_cap_mb': 25, 'fix_batches_to_gpus': False, 'find_unused_parameters': False, 'gradient_as_bucket_view': False, 'fast_stat_sync': False, 'heartbeat_timeout': -1, 'broadcast_buffers': False, 'slowmo_momentum': None, 'slowmo_base_algorithm': 'localsgd', 'localsgd_frequency': 3, 'nprocs_per_node': 4, 'pipeline_model_parallel': False, 'pipeline_balance': None, 'pipeline_devices': None, 'pipeline_chunks': 0, 'pipeline_encoder_balance': None, 'pipeline_encoder_devices': None, 'pipeline_decoder_balance': None, 'pipeline_decoder_devices': None, 'pipeline_checkpoint': 'never', 'zero_sharding': 'none', 'fp16': True, 'memory_efficient_fp16': False, 'tpu': False, 'no_reshard_after_forward': False, 'fp32_reduce_scatter': False, 'cpu_offload': False, 'use_sharded_state': False, 'not_fsdp_flatten_parameters': False}, 'dataset': {'_name': None, 'num_workers': 1, 'skip_invalid_size_inputs_valid_test': False, 'max_tokens': 65536, 'batch_size': None, 'required_batch_size_multiple': 8, 'required_seq_len_multiple': 1, 'dataset_impl': None, 'data_buffer_size': 10, 'train_subset': 'train', 'valid_subset': 'valid', 'combine_valid_subsets': None, 'ignore_unused_valid_subsets': False, 'validate_interval': 1, 'validate_interval_updates': 0, 'validate_after_updates': 0, 'fixed_validation_seed': None, 'disable_validation': True, 'max_tokens_valid': 65536, 'batch_size_valid': None, 'max_valid_steps': None, 'curriculum': 0, 'gen_subset': 'test', 'num_shards': 1, 'shard_id': 0, 'grouped_shuffling': False, 'update_epoch_batch_itr': False, 'update_ordered_indices_seed': False}, 'optimization': {'_name': None, 'max_epoch': 0, 'max_update': 88255, 'stop_time_hours': 0.0, 'clip_norm': 2.0, 'sentence_avg': False, 'update_freq': [1], 'lr': [0.002], 'stop_min_lr': -1.0, 'use_bmuf': False, 'skip_remainder_batch': False}, 'checkpoint': {'_name': None, 'save_dir': './CHECKPOINTS/checkpoint_valmA100_88255upd_lrx4', 'restore_file': 'checkpoint_last.pt', 'finetune_from_model': None, 'reset_dataloader': False, 'reset_lr_scheduler': False, 'reset_meters': False, 'reset_optimizer': False, 'optimizer_overrides': '{}', 'save_interval': 1, 'save_interval_updates': 10000, 'keep_interval_updates': -1, 'keep_interval_updates_pattern': -1, 'keep_last_epochs': -1, 'keep_best_checkpoints': -1, 'no_save': False, 'no_epoch_checkpoints': False, 'no_last_checkpoints': False, 'no_save_optimizer_state': False, 'best_checkpoint_metric': 'loss', 'maximize_best_checkpoint_metric': False, 'patience': -1, 'checkpoint_suffix': '', 'checkpoint_shard_count': 1, 'load_checkpoint_on_all_dp_ranks': False, 'write_checkpoints_asynchronously': False, 'model_parallel_size': 1}, 'bmuf': {'_name': None, 'block_lr': 1.0, 'block_momentum': 0.875, 'global_sync_iter': 50, 'warmup_iterations': 500, 'use_nbm': False, 'average_sync': False, 'distributed_world_size': 4}, 'generation': {'_name': None, 'beam': 5, 'nbest': 1, 'max_len_a': 0.0, 'max_len_b': 200, 'min_len': 1, 'match_source_len': False, 'unnormalized': False, 'no_early_stop': False, 'no_beamable_mm': False, 'lenpen': 1.0, 'unkpen': 0.0, 'replace_unk': None, 'sacrebleu': False, 'score_reference': False, 'prefix_size': 0, 'no_repeat_ngram_size': 0, 'sampling': False, 'sampling_topk': -1, 'sampling_topp': -1.0, 'constraints': None, 'temperature': 1.0, 'diverse_beam_groups': -1, 'diverse_beam_strength': 0.5, 'diversity_rate': -1.0, 'print_alignment': None, 'print_step': False, 'lm_path': None, 'lm_weight': 0.0, 'iter_decode_eos_penalty': 0.0, 'iter_decode_max_iter': 10, 'iter_decode_force_max_iter': False, 'iter_decode_with_beam': 1, 'iter_decode_with_external_reranker': False, 'retain_iter_history': False, 'retain_dropout': False, 'retain_dropout_modules': None, 'decoding_format': None, 'no_seed_provided': False}, 'eval_lm': {'_name': None, 'output_word_probs': False, 'output_word_stats': False, 'context_window': 0, 'softmax_batch': 9223372036854775807}, 'interactive': {'_name': None, 'buffer_size': 0, 'input': '-'}, 'model': {'_name': 'transformer_lm_gpt', 'activation_fn': 'gelu', 'dropout': 0.1, 'attention_dropout': 0.1, 'activation_dropout': 0.0, 'relu_dropout': 0.0, 'decoder_embed_dim': 768, 'decoder_output_dim': 768, 'decoder_input_dim': 768, 'decoder_ffn_embed_dim': 3072, 'decoder_layers': 12, 'decoder_attention_heads': 12, 'decoder_normalize_before': True, 'no_decoder_final_norm': False, 'adaptive_softmax_cutoff': None, 'adaptive_softmax_dropout': 0.0, 'adaptive_softmax_factor': 4.0, 'no_token_positional_embeddings': False, 'share_decoder_input_output_embed': True, 'character_embeddings': False, 'character_filters': '[(1, 64), (2, 128), (3, 192), (4, 256), (5, 256), (6, 256), (7, 256)]', 'character_embedding_dim': 4, 'char_embedder_highway_layers': 2, 'adaptive_input': False, 'adaptive_input_factor': 4.0, 'adaptive_input_cutoff': None, 'tie_adaptive_weights': False, 'tie_adaptive_proj': False, 'decoder_learned_pos': False, 'layernorm_embedding': False, 'no_scale_embedding': False, 'checkpoint_activations': False, 'offload_activations': False, 'decoder_layerdrop': 0.0, 'decoder_layers_to_keep': None, 'quant_noise_pq': 0.0, 'quant_noise_pq_block_size': 8, 'quant_noise_scalar': 0.0, 'min_params_to_wrap': 100000000, 'base_layers': 0, 'base_sublayers': 1, 'base_shuffle': 0, 'scale_fc': False, 'scale_attn': False, 'scale_heads': False, 'scale_resids': False, 'add_bos_token': False, 'tokens_per_sample': 512, 'max_target_positions': None, 'tpu': False, 'use_knn_datastore': True, 'load_knn_datastore': False, 'dstore_fp16': False, 'use_gpu_to_search': False, 'move_dstore_to_mem': False, 'dstore_size': 10000000, 'k': 8, 'probe': 32, 'dstore_filename': 'data/datastore', 'use_joint_attention': True, 'joint_layer_index': 2}, 'task': {'_name': 'language_modeling', 'data': './data/data-bin/0:./data/data-bin/1:./data/data-bin/2:./data/data-bin/3:./data/data-bin/4:./data/data-bin/5:./data/data-bin/6:./data/data-bin/7:./data/data-bin/8:./data/data-bin/9:./data/data-bin/10:./data/data-bin/11:./data/data-bin/12:./data/data-bin/13', 'sample_break_mode': 'none', 'tokens_per_sample': 512, 'output_dictionary_size': -1, 'self_target': False, 'future_target': False, 'past_target': False, 'add_bos_token': False, 'max_target_positions': None, 'shorten_method': 'none', 'shorten_data_split_list': '', 'pad_to_fixed_length': False, 'pad_to_fixed_bsz': False, 'seed': 1, 'batch_size': None, 'batch_size_valid': None, 'dataset_impl': None, 'data_buffer_size': 10, 'tpu': False, 'use_plasma_view': False, 'plasma_path': '/tmp/plasma'}, 'criterion': {'_name': 'cross_entropy', 'sentence_avg': False}, 'optimizer': {'_name': 'adam', 'adam_betas': '(0.9, 0.98)', 'adam_eps': 1e-08, 'weight_decay': 0.01, 'use_old_adam': False, 'fp16_adam_stats': False, 'tpu': False, 'lr': [0.002]}, 'lr_scheduler': {'_name': 'inverse_sqrt', 'warmup_updates': 4000, 'warmup_init_lr': 1e-07, 'lr': [0.002]}, 'scoring': {'_name': 'bleu', 'pad': 1, 'eos': 2, 'unk': 3}, 'bpe': None, 'tokenizer': None, 'ema': {'_name': None, 'store_ema': False, 'ema_decay': 0.9999, 'ema_start_update': 0, 'ema_seed_model': None, 'ema_update_freq': 1, 'ema_fp32': False}}
{'_name': 'language_modeling', 'data': './data/data-bin/0:./data/data-bin/1:./data/data-bin/2:./data/data-bin/3:./data/data-bin/4:./data/data-bin/5:./data/data-bin/6:./data/data-bin/7:./data/data-bin/8:./data/data-bin/9:./data/data-bin/10:./data/data-bin/11:./data/data-bin/12:./data/data-bin/13', 'sample_break_mode': none, 'tokens_per_sample': 512, 'output_dictionary_size': -1, 'self_target': False, 'future_target': False, 'past_target': False, 'add_bos_token': False, 'max_target_positions': None, 'shorten_method': none, 'shorten_data_split_list': '', 'pad_to_fixed_length': False, 'pad_to_fixed_bsz': False, 'seed': 1, 'batch_size': None, 'batch_size_valid': None, 'dataset_impl': None, 'data_buffer_size': 10, 'tpu': False, 'use_plasma_view': False, 'plasma_path': '/tmp/plasma'}
2024-08-11 12:34:00 | INFO | fairseq.tasks.language_modeling | dictionary: 49412 types
2024-08-11 12:34:11 | INFO | fairseq_cli.train | TransformerLanguageModel(
  (decoder): TransformerDecoder(
    (dropout_module): FairseqDropout()
    (embed_tokens): Embedding(49412, 768, padding_idx=1)
    (embed_positions): SinusoidalPositionalEmbedding()
    (layers): ModuleList(
      (0-9): 10 x TransformerDecoderLayerBase(
        (dropout_module): FairseqDropout()
        (self_attn): MultiheadAttention(
          (dropout_module): FairseqDropout()
          (k_proj): Linear(in_features=768, out_features=768, bias=True)
          (v_proj): Linear(in_features=768, out_features=768, bias=True)
          (q_proj): Linear(in_features=768, out_features=768, bias=True)
          (out_proj): Linear(in_features=768, out_features=768, bias=True)
        )
        (activation_dropout_module): FairseqDropout()
        (self_attn_layer_norm): LayerNorm((768,), eps=1e-05, elementwise_affine=True)
        (fc1): Linear(in_features=768, out_features=3072, bias=True)
        (fc2): Linear(in_features=3072, out_features=768, bias=True)
        (final_layer_norm): LayerNorm((768,), eps=1e-05, elementwise_affine=True)
      )
      (10): TransformerDecoderLayerwithJointAttention(
        (dropout_module): FairseqDropout()
        (self_attn): JointMultiheadAttention(
          (dropout_module): FairseqDropout()
          (k_proj): Linear(in_features=768, out_features=768, bias=True)
          (v_proj): Linear(in_features=768, out_features=768, bias=True)
          (q_proj): Linear(in_features=768, out_features=768, bias=True)
          (img_k_proj): Linear(in_features=768, out_features=768, bias=True)
          (img_v_proj): Linear(in_features=768, out_features=768, bias=True)
          (out_proj): Linear(in_features=768, out_features=768, bias=True)
          (img_layer_norm): LayerNorm((768,), eps=1e-05, elementwise_affine=True)
        )
        (activation_dropout_module): FairseqDropout()
        (self_attn_layer_norm): LayerNorm((768,), eps=1e-05, elementwise_affine=True)
        (fc1): Linear(in_features=768, out_features=3072, bias=True)
        (fc2): Linear(in_features=3072, out_features=768, bias=True)
        (final_layer_norm): LayerNorm((768,), eps=1e-05, elementwise_affine=True)
      )
      (11): TransformerDecoderLayerBase(
        (dropout_module): FairseqDropout()
        (self_attn): MultiheadAttention(
          (dropout_module): FairseqDropout()
          (k_proj): Linear(in_features=768, out_features=768, bias=True)
          (v_proj): Linear(in_features=768, out_features=768, bias=True)
          (q_proj): Linear(in_features=768, out_features=768, bias=True)
          (out_proj): Linear(in_features=768, out_features=768, bias=True)
        )
        (activation_dropout_module): FairseqDropout()
        (self_attn_layer_norm): LayerNorm((768,), eps=1e-05, elementwise_affine=True)
        (fc1): Linear(in_features=768, out_features=3072, bias=True)
        (fc2): Linear(in_features=3072, out_features=768, bias=True)
        (final_layer_norm): LayerNorm((768,), eps=1e-05, elementwise_affine=True)
      )
    )
    (layer_norm): LayerNorm((768,), eps=1e-05, elementwise_affine=True)
    (output_projection): Linear(in_features=768, out_features=49412, bias=False)
  )
)
2024-08-11 12:34:11 | INFO | fairseq_cli.train | task: LanguageModelingTask
2024-08-11 12:34:11 | INFO | fairseq_cli.train | model: TransformerLanguageModel
2024-08-11 12:34:11 | INFO | fairseq_cli.train | criterion: CrossEntropyCriterion
2024-08-11 12:34:11 | INFO | fairseq_cli.train | num. shared model params: 124,187,136 (num. trained: 124,187,136)
2024-08-11 12:34:11 | INFO | fairseq_cli.train | num. expert model params: 0 (num. trained: 0)
2024-08-11 12:34:11 | INFO | fairseq.data.data_utils | loaded 5,000 examples from: ./data/data-bin/0/valid
2024-08-11 12:34:11 | INFO | fairseq.trainer | detected shared parameter: decoder.embed_tokens.weight <- decoder.output_projection.weight
2024-08-11 12:34:20 | INFO | fairseq.utils | ***********************CUDA enviroments for all 4 workers***********************
2024-08-11 12:34:20 | INFO | fairseq.utils | rank   0: capabilities =  8.0  ; total memory = 79.325 GB ; name = NVIDIA A100-SXM4-80GB                   
2024-08-11 12:34:20 | INFO | fairseq.utils | rank   1: capabilities =  8.0  ; total memory = 79.325 GB ; name = NVIDIA A100-SXM4-80GB                   
2024-08-11 12:34:20 | INFO | fairseq.utils | rank   2: capabilities =  8.0  ; total memory = 79.325 GB ; name = NVIDIA A100-SXM4-80GB                   
2024-08-11 12:34:20 | INFO | fairseq.utils | rank   3: capabilities =  8.0  ; total memory = 79.325 GB ; name = NVIDIA A100-SXM4-80GB                   
2024-08-11 12:34:20 | INFO | fairseq.utils | ***********************CUDA enviroments for all 4 workers***********************
2024-08-11 12:34:20 | INFO | fairseq_cli.train | training on 4 devices (GPUs/TPUs)
2024-08-11 12:34:20 | INFO | fairseq_cli.train | max tokens per device = 65536 and max sentences per device = None
2024-08-11 12:34:20 | INFO | fairseq.trainer | Preparing to load checkpoint ./CHECKPOINTS/checkpoint_valmA100_88255upd_lrx4/checkpoint_last.pt
2024-08-11 12:34:20 | INFO | fairseq.trainer | No existing checkpoint found ./CHECKPOINTS/checkpoint_valmA100_88255upd_lrx4/checkpoint_last.pt
2024-08-11 12:34:20 | INFO | fairseq.trainer | loading train data for epoch 1
2024-08-11 12:36:33 | INFO | fairseq.data.data_utils | loaded 52,891,000 examples from: ./data/data-bin/0/train
2024-08-11 12:36:34 | INFO | fairseq.data.iterators | grouped total_num_itrs = 6796
2024-08-11 12:36:59 | INFO | fairseq.trainer | begin training epoch 1
2024-08-11 12:36:59 | INFO | fairseq_cli.train | Start iterating over samples
2024-08-11 12:37:12 | INFO | fairseq.trainer | NOTE: gradient overflow detected, ignoring gradient, setting loss scale to: 64.0
2024-08-11 12:37:25 | INFO | fairseq.trainer | NOTE: gradient overflow detected, ignoring gradient, setting loss scale to: 32.0
2024-08-11 12:37:38 | INFO | fairseq.trainer | NOTE: gradient overflow detected, ignoring gradient, setting loss scale to: 16.0
2024-08-11 12:37:50 | INFO | fairseq.trainer | NOTE: gradient overflow detected, ignoring gradient, setting loss scale to: 8.0
2024-08-11 12:38:03 | INFO | fairseq.trainer | NOTE: gradient overflow detected, ignoring gradient, setting loss scale to: 4.0
2024-08-11 12:57:40 | INFO | train_inner | epoch 001:    105 / 6796 loss=13.589, ppl=12321, wps=22290.3, ups=0.09, wpb=262144, bsz=512, num_updates=100, lr=5.00975e-05, gnorm=14.682, clip=100, loss_scale=4, train_wall=1241, gb_free=10.7, wall=1400
2024-08-11 13:17:13 | INFO | train_inner | epoch 001:    205 / 6796 loss=9.635, ppl=794.94, wps=22355.3, ups=0.09, wpb=262144, bsz=512, num_updates=200, lr=0.000100095, gnorm=1.456, clip=15, loss_scale=4, train_wall=1172, gb_free=10.7, wall=2572
2024-08-11 13:36:44 | INFO | train_inner | epoch 001:    305 / 6796 loss=8.69, ppl=413.09, wps=22389.3, ups=0.09, wpb=262144, bsz=512, num_updates=300, lr=0.000150093, gnorm=1.686, clip=24, loss_scale=4, train_wall=1171, gb_free=10.7, wall=3743
2024-08-11 13:56:07 | INFO | train_inner | epoch 001:    405 / 6796 loss=8.235, ppl=301.22, wps=22534.5, ups=0.09, wpb=262144, bsz=512, num_updates=400, lr=0.00020009, gnorm=1.95, clip=43, loss_scale=4, train_wall=1163, gb_free=10.7, wall=4907
2024-08-11 14:15:26 | INFO | train_inner | epoch 001:    505 / 6796 loss=7.883, ppl=236.07, wps=22620.3, ups=0.09, wpb=262144, bsz=512, num_updates=500, lr=0.000250088, gnorm=1.982, clip=36, loss_scale=4, train_wall=1159, gb_free=10.7, wall=6066
2024-08-11 14:34:40 | INFO | train_inner | epoch 001:    605 / 6796 loss=7.565, ppl=189.3, wps=22719.4, ups=0.09, wpb=262144, bsz=512, num_updates=600, lr=0.000300085, gnorm=1.88, clip=31, loss_scale=4, train_wall=1154, gb_free=10.7, wall=7219
2024-08-11 14:54:00 | INFO | train_inner | epoch 001:    705 / 6796 loss=7.286, ppl=156.09, wps=22533.3, ups=0.09, wpb=261530, bsz=510.8, num_updates=700, lr=0.000350083, gnorm=1.711, clip=15, loss_scale=4, train_wall=1160, gb_free=10.7, wall=8380
2024-08-11 15:13:19 | INFO | train_inner | epoch 001:    805 / 6796 loss=7.045, ppl=132.09, wps=22631.3, ups=0.09, wpb=262144, bsz=512, num_updates=800, lr=0.00040008, gnorm=1.611, clip=8, loss_scale=4, train_wall=1158, gb_free=10.7, wall=9538
2024-08-11 15:32:29 | INFO | train_inner | epoch 001:    905 / 6796 loss=6.849, ppl=115.28, wps=22798.2, ups=0.09, wpb=262144, bsz=512, num_updates=900, lr=0.000450078, gnorm=1.532, clip=8, loss_scale=4, train_wall=1150, gb_free=10.7, wall=10688
2024-08-11 15:51:54 | INFO | train_inner | epoch 001:   1005 / 6796 loss=6.676, ppl=102.22, wps=22500.4, ups=0.09, wpb=262144, bsz=512, num_updates=1000, lr=0.000500075, gnorm=1.359, clip=3, loss_scale=4, train_wall=1165, gb_free=10.7, wall=11853
2024-08-11 16:11:13 | INFO | train_inner | epoch 001:   1105 / 6796 loss=6.52, ppl=91.8, wps=22610.6, ups=0.09, wpb=262144, bsz=512, num_updates=1100, lr=0.000550072, gnorm=1.254, clip=0, loss_scale=4, train_wall=1159, gb_free=10.7, wall=13013
2024-08-11 16:30:48 | INFO | train_inner | epoch 001:   1205 / 6796 loss=6.386, ppl=83.61, wps=22310.5, ups=0.09, wpb=262144, bsz=512, num_updates=1200, lr=0.00060007, gnorm=1.217, clip=1, loss_scale=4, train_wall=1175, gb_free=10.7, wall=14188
2024-08-11 16:50:24 | INFO | train_inner | epoch 001:   1305 / 6796 loss=6.259, ppl=76.57, wps=22299.5, ups=0.09, wpb=262144, bsz=512, num_updates=1300, lr=0.000650068, gnorm=1.158, clip=1, loss_scale=4, train_wall=1175, gb_free=10.7, wall=15363
2024-08-11 17:09:58 | INFO | train_inner | epoch 001:   1405 / 6796 loss=6.173, ppl=72.13, wps=22313.7, ups=0.09, wpb=262144, bsz=512, num_updates=1400, lr=0.000700065, gnorm=1.12, clip=4, loss_scale=4, train_wall=1175, gb_free=10.7, wall=16538
2024-08-11 17:29:33 | INFO | train_inner | epoch 001:   1505 / 6796 loss=6.052, ppl=66.34, wps=22321.6, ups=0.09, wpb=262144, bsz=512, num_updates=1500, lr=0.000750062, gnorm=1.021, clip=0, loss_scale=4, train_wall=1174, gb_free=10.7, wall=17712
2024-08-11 17:48:55 | INFO | train_inner | epoch 001:   1605 / 6796 loss=5.971, ppl=62.74, wps=22552.5, ups=0.09, wpb=262144, bsz=512, num_updates=1600, lr=0.00080006, gnorm=0.971, clip=0, loss_scale=4, train_wall=1162, gb_free=10.7, wall=18875
2024-08-11 18:08:25 | INFO | train_inner | epoch 001:   1705 / 6796 loss=5.9, ppl=59.71, wps=22401, ups=0.09, wpb=262144, bsz=512, num_updates=1700, lr=0.000850058, gnorm=0.952, clip=0, loss_scale=4, train_wall=1170, gb_free=10.7, wall=20045
2024-08-11 18:27:37 | INFO | train_inner | epoch 001:   1805 / 6796 loss=5.844, ppl=57.45, wps=22764.4, ups=0.09, wpb=262144, bsz=512, num_updates=1800, lr=0.000900055, gnorm=0.9, clip=0, loss_scale=4, train_wall=1151, gb_free=10.7, wall=21197
2024-08-11 18:46:53 | INFO | train_inner | epoch 001:   1905 / 6796 loss=5.792, ppl=55.41, wps=22682.9, ups=0.09, wpb=262144, bsz=512, num_updates=1900, lr=0.000950053, gnorm=0.892, clip=0, loss_scale=4, train_wall=1155, gb_free=10.7, wall=22352
2024-08-11 19:06:11 | INFO | train_inner | epoch 001:   2005 / 6796 loss=5.743, ppl=53.57, wps=22628.5, ups=0.09, wpb=262144, bsz=512, num_updates=2000, lr=0.00100005, gnorm=0.86, clip=0, loss_scale=4, train_wall=1158, gb_free=10.7, wall=23511
2024-08-11 19:25:39 | INFO | train_inner | epoch 001:   2105 / 6796 loss=5.704, ppl=52.14, wps=22438, ups=0.09, wpb=262144, bsz=512, num_updates=2100, lr=0.00105005, gnorm=0.832, clip=0, loss_scale=4, train_wall=1168, gb_free=10.7, wall=24679
2024-08-11 19:44:59 | INFO | train_inner | epoch 001:   2205 / 6796 loss=5.672, ppl=50.99, wps=22607.2, ups=0.09, wpb=262144, bsz=512, num_updates=2200, lr=0.00110005, gnorm=0.835, clip=0, loss_scale=4, train_wall=1159, gb_free=10.7, wall=25839
2024-08-11 20:04:20 | INFO | train_inner | epoch 001:   2305 / 6796 loss=5.639, ppl=49.85, wps=22579.1, ups=0.09, wpb=262144, bsz=512, num_updates=2300, lr=0.00115004, gnorm=0.81, clip=0, loss_scale=4, train_wall=1161, gb_free=10.7, wall=27000
2024-08-11 20:23:32 | INFO | train_inner | epoch 001:   2405 / 6796 loss=5.608, ppl=48.79, wps=22750.6, ups=0.09, wpb=262144, bsz=512, num_updates=2400, lr=0.00120004, gnorm=0.801, clip=0, loss_scale=4, train_wall=1152, gb_free=10.7, wall=28152
2024-08-11 20:42:51 | INFO | train_inner | epoch 001:   2505 / 6796 loss=5.59, ppl=48.17, wps=22628, ups=0.09, wpb=262144, bsz=512, num_updates=2500, lr=0.00125004, gnorm=0.866, clip=0, loss_scale=4, train_wall=1158, gb_free=10.7, wall=29310
2024-08-11 21:02:16 | INFO | train_inner | epoch 001:   2605 / 6796 loss=5.566, ppl=47.38, wps=22488.3, ups=0.09, wpb=262144, bsz=512, num_updates=2600, lr=0.00130004, gnorm=0.73, clip=0, loss_scale=4, train_wall=1165, gb_free=10.7, wall=30476
2024-08-11 21:21:49 | INFO | train_inner | epoch 001:   2705 / 6796 loss=5.54, ppl=46.52, wps=22356.7, ups=0.09, wpb=262144, bsz=512, num_updates=2700, lr=0.00135003, gnorm=0.774, clip=0, loss_scale=4, train_wall=1172, gb_free=10.7, wall=31649
2024-08-11 21:41:24 | INFO | train_inner | epoch 001:   2805 / 6796 loss=5.523, ppl=45.99, wps=22309.7, ups=0.09, wpb=262144, bsz=512, num_updates=2800, lr=0.00140003, gnorm=0.753, clip=0, loss_scale=4, train_wall=1175, gb_free=10.7, wall=32824
2024-08-11 22:01:09 | INFO | train_inner | epoch 001:   2905 / 6796 loss=5.502, ppl=45.31, wps=22116.3, ups=0.08, wpb=262144, bsz=512, num_updates=2900, lr=0.00145003, gnorm=0.757, clip=0, loss_scale=4, train_wall=1185, gb_free=10.7, wall=34009
2024-08-11 22:21:07 | INFO | train_inner | epoch 001:   3005 / 6796 loss=5.481, ppl=44.67, wps=21892.3, ups=0.08, wpb=262144, bsz=512, num_updates=3000, lr=0.00150003, gnorm=0.732, clip=0, loss_scale=4, train_wall=1197, gb_free=10.7, wall=35206
2024-08-11 22:40:55 | INFO | train_inner | epoch 001:   3105 / 6796 loss=5.468, ppl=44.25, wps=22058.9, ups=0.08, wpb=262144, bsz=512, num_updates=3100, lr=0.00155002, gnorm=0.741, clip=0, loss_scale=4, train_wall=1188, gb_free=10.7, wall=36395
2024-08-11 23:00:54 | INFO | train_inner | epoch 001:   3205 / 6796 loss=5.451, ppl=43.75, wps=21862.5, ups=0.08, wpb=262144, bsz=512, num_updates=3200, lr=0.00160002, gnorm=0.722, clip=0, loss_scale=4, train_wall=1199, gb_free=10.7, wall=37594
2024-08-11 23:20:44 | INFO | train_inner | epoch 001:   3305 / 6796 loss=5.433, ppl=43.21, wps=22031.7, ups=0.08, wpb=262144, bsz=512, num_updates=3300, lr=0.00165002, gnorm=0.698, clip=0, loss_scale=4, train_wall=1190, gb_free=10.7, wall=38784
2024-08-11 23:40:47 | INFO | train_inner | epoch 001:   3405 / 6796 loss=5.424, ppl=42.92, wps=21783.6, ups=0.08, wpb=262144, bsz=512, num_updates=3400, lr=0.00170002, gnorm=0.679, clip=0, loss_scale=4, train_wall=1203, gb_free=10.7, wall=39987
2024-08-12 00:00:55 | INFO | train_inner | epoch 001:   3505 / 6796 loss=5.417, ppl=42.72, wps=21703.7, ups=0.08, wpb=262144, bsz=512, num_updates=3500, lr=0.00175001, gnorm=0.677, clip=0, loss_scale=4, train_wall=1208, gb_free=10.7, wall=41195
2024-08-12 00:20:51 | INFO | train_inner | epoch 001:   3605 / 6796 loss=5.402, ppl=42.27, wps=21913.4, ups=0.08, wpb=262144, bsz=512, num_updates=3600, lr=0.00180001, gnorm=0.654, clip=0, loss_scale=4, train_wall=1196, gb_free=10.7, wall=42391
2024-08-12 00:40:57 | INFO | train_inner | epoch 001:   3705 / 6796 loss=5.388, ppl=41.89, wps=21752, ups=0.08, wpb=262144, bsz=512, num_updates=3700, lr=0.00185001, gnorm=0.636, clip=0, loss_scale=4, train_wall=1205, gb_free=10.7, wall=43596
2024-08-12 01:01:04 | INFO | train_inner | epoch 001:   3805 / 6796 loss=5.379, ppl=41.61, wps=21710.2, ups=0.08, wpb=262141, bsz=512, num_updates=3800, lr=0.00190001, gnorm=0.631, clip=0, loss_scale=4, train_wall=1207, gb_free=10.7, wall=44804
2024-08-12 01:21:17 | INFO | train_inner | epoch 001:   3905 / 6796 loss=5.37, ppl=41.36, wps=21620, ups=0.08, wpb=262144, bsz=512, num_updates=3900, lr=0.00195, gnorm=0.614, clip=0, loss_scale=4, train_wall=1212, gb_free=10.7, wall=46016
2024-08-12 01:41:40 | INFO | train_inner | epoch 001:   4005 / 6796 loss=5.356, ppl=40.96, wps=21421.9, ups=0.08, wpb=262144, bsz=512, num_updates=4000, lr=0.002, gnorm=0.593, clip=0, loss_scale=4, train_wall=1224, gb_free=10.7, wall=47240
2024-08-12 02:02:12 | INFO | train_inner | epoch 001:   4105 / 6796 loss=5.341, ppl=40.54, wps=21289.9, ups=0.08, wpb=262144, bsz=512, num_updates=4100, lr=0.00197546, gnorm=0.569, clip=0, loss_scale=8, train_wall=1231, gb_free=10.7, wall=48471
2024-08-12 02:22:47 | INFO | train_inner | epoch 001:   4205 / 6796 loss=5.33, ppl=40.23, wps=21226.3, ups=0.08, wpb=262144, bsz=512, num_updates=4200, lr=0.0019518, gnorm=0.546, clip=0, loss_scale=8, train_wall=1235, gb_free=10.7, wall=49706
2024-08-12 02:43:23 | INFO | train_inner | epoch 001:   4305 / 6796 loss=5.316, ppl=39.84, wps=21208.6, ups=0.08, wpb=262144, bsz=512, num_updates=4300, lr=0.00192897, gnorm=0.527, clip=0, loss_scale=8, train_wall=1236, gb_free=10.7, wall=50942
2024-08-12 03:04:08 | INFO | train_inner | epoch 001:   4405 / 6796 loss=5.302, ppl=39.44, wps=21045.6, ups=0.08, wpb=262144, bsz=512, num_updates=4400, lr=0.00190693, gnorm=0.51, clip=0, loss_scale=8, train_wall=1245, gb_free=10.7, wall=52188
2024-08-12 03:25:01 | INFO | train_inner | epoch 001:   4505 / 6796 loss=5.286, ppl=39.01, wps=20921.8, ups=0.08, wpb=262144, bsz=512, num_updates=4500, lr=0.00188562, gnorm=0.492, clip=0, loss_scale=8, train_wall=1253, gb_free=10.7, wall=53441
2024-08-12 03:46:01 | INFO | train_inner | epoch 001:   4605 / 6796 loss=5.279, ppl=38.82, wps=20803.1, ups=0.08, wpb=262144, bsz=512, num_updates=4600, lr=0.00186501, gnorm=0.474, clip=0, loss_scale=8, train_wall=1260, gb_free=10.7, wall=54701
2024-08-12 04:06:57 | INFO | train_inner | epoch 001:   4705 / 6796 loss=5.27, ppl=38.59, wps=20879.4, ups=0.08, wpb=262144, bsz=512, num_updates=4700, lr=0.00184506, gnorm=0.468, clip=0, loss_scale=8, train_wall=1255, gb_free=10.7, wall=55956
2024-08-12 04:27:51 | INFO | train_inner | epoch 001:   4805 / 6796 loss=5.255, ppl=38.19, wps=20901.8, ups=0.08, wpb=262144, bsz=512, num_updates=4800, lr=0.00182574, gnorm=0.453, clip=0, loss_scale=8, train_wall=1254, gb_free=10.7, wall=57211
2024-08-12 04:48:52 | INFO | train_inner | epoch 001:   4905 / 6796 loss=5.249, ppl=38.02, wps=20782.6, ups=0.08, wpb=262144, bsz=512, num_updates=4900, lr=0.00180702, gnorm=0.433, clip=0, loss_scale=8, train_wall=1261, gb_free=10.7, wall=58472
2024-08-12 05:10:14 | INFO | train_inner | epoch 001:   5005 / 6796 loss=5.233, ppl=37.61, wps=20461.3, ups=0.08, wpb=262144, bsz=512, num_updates=5000, lr=0.00178885, gnorm=0.435, clip=0, loss_scale=8, train_wall=1281, gb_free=10.7, wall=59753
2024-08-12 05:31:29 | INFO | train_inner | epoch 001:   5105 / 6796 loss=5.223, ppl=37.36, wps=20546.8, ups=0.08, wpb=262144, bsz=512, num_updates=5100, lr=0.00177123, gnorm=0.428, clip=0, loss_scale=8, train_wall=1276, gb_free=10.7, wall=61029
2024-08-12 05:53:08 | INFO | train_inner | epoch 001:   5205 / 6796 loss=5.217, ppl=37.19, wps=20194.1, ups=0.08, wpb=262144, bsz=512, num_updates=5200, lr=0.00175412, gnorm=0.413, clip=0, loss_scale=8, train_wall=1298, gb_free=10.7, wall=62327
2024-08-12 06:14:34 | INFO | train_inner | epoch 001:   5305 / 6796 loss=5.206, ppl=36.92, wps=20370.7, ups=0.08, wpb=262144, bsz=512, num_updates=5300, lr=0.00173749, gnorm=0.402, clip=0, loss_scale=8, train_wall=1287, gb_free=10.7, wall=63614
2024-08-12 06:35:53 | INFO | train_inner | epoch 001:   5405 / 6796 loss=5.207, ppl=36.93, wps=20503.7, ups=0.08, wpb=262144, bsz=512, num_updates=5400, lr=0.00172133, gnorm=0.397, clip=0, loss_scale=8, train_wall=1278, gb_free=10.7, wall=64893
2024-08-12 06:57:13 | INFO | train_inner | epoch 001:   5505 / 6796 loss=5.191, ppl=36.53, wps=20472.3, ups=0.08, wpb=262144, bsz=512, num_updates=5500, lr=0.00170561, gnorm=0.398, clip=0, loss_scale=8, train_wall=1280, gb_free=10.7, wall=66173
2024-08-12 07:18:42 | INFO | train_inner | epoch 001:   5605 / 6796 loss=5.187, ppl=36.42, wps=20337.3, ups=0.08, wpb=262144, bsz=512, num_updates=5600, lr=0.00169031, gnorm=0.386, clip=0, loss_scale=8, train_wall=1289, gb_free=10.7, wall=67462
2024-08-12 07:40:44 | INFO | train_inner | epoch 001:   5705 / 6796 loss=5.178, ppl=36.19, wps=19838.7, ups=0.08, wpb=262144, bsz=512, num_updates=5700, lr=0.00167542, gnorm=0.379, clip=0, loss_scale=8, train_wall=1321, gb_free=10.7, wall=68783
2024-08-12 08:02:29 | INFO | train_inner | epoch 001:   5805 / 6796 loss=5.172, ppl=36.05, wps=20035.7, ups=0.08, wpb=261524, bsz=510.8, num_updates=5800, lr=0.00166091, gnorm=0.37, clip=0, loss_scale=8, train_wall=1305, gb_free=10.7, wall=70089
2024-08-12 08:23:56 | INFO | train_inner | epoch 001:   5905 / 6796 loss=5.164, ppl=35.85, wps=20375.9, ups=0.08, wpb=262144, bsz=512, num_updates=5900, lr=0.00164677, gnorm=0.364, clip=0, loss_scale=8, train_wall=1286, gb_free=10.7, wall=71375
2024-08-12 08:45:26 | INFO | train_inner | epoch 001:   6005 / 6796 loss=5.159, ppl=35.74, wps=20309.6, ups=0.08, wpb=262144, bsz=512, num_updates=6000, lr=0.00163299, gnorm=0.369, clip=0, loss_scale=8, train_wall=1291, gb_free=10.7, wall=72666
2024-08-12 09:07:14 | INFO | train_inner | epoch 001:   6105 / 6796 loss=5.151, ppl=35.54, wps=20045.8, ups=0.08, wpb=262144, bsz=512, num_updates=6100, lr=0.00161955, gnorm=0.363, clip=0, loss_scale=8, train_wall=1307, gb_free=10.7, wall=73974
2024-08-12 09:29:08 | INFO | train_inner | epoch 001:   6205 / 6796 loss=5.145, ppl=35.39, wps=19944, ups=0.08, wpb=262144, bsz=512, num_updates=6200, lr=0.00160644, gnorm=0.362, clip=0, loss_scale=8, train_wall=1314, gb_free=10.7, wall=75288
2024-08-12 09:51:07 | INFO | train_inner | epoch 001:   6305 / 6796 loss=5.142, ppl=35.32, wps=19881.7, ups=0.08, wpb=262144, bsz=512, num_updates=6300, lr=0.00159364, gnorm=0.356, clip=0, loss_scale=8, train_wall=1318, gb_free=10.7, wall=76607
2024-08-12 10:13:06 | INFO | train_inner | epoch 001:   6405 / 6796 loss=5.131, ppl=35.03, wps=19873.3, ups=0.08, wpb=262144, bsz=512, num_updates=6400, lr=0.00158114, gnorm=0.353, clip=0, loss_scale=8, train_wall=1319, gb_free=10.7, wall=77926
2024-08-12 10:35:19 | INFO | train_inner | epoch 001:   6505 / 6796 loss=5.125, ppl=34.9, wps=19668.2, ups=0.08, wpb=262144, bsz=512, num_updates=6500, lr=0.00156893, gnorm=0.346, clip=0, loss_scale=8, train_wall=1333, gb_free=10.7, wall=79259
2024-08-12 10:57:18 | INFO | train_inner | epoch 001:   6605 / 6796 loss=5.126, ppl=34.92, wps=19868, ups=0.08, wpb=262144, bsz=512, num_updates=6600, lr=0.001557, gnorm=0.342, clip=0, loss_scale=8, train_wall=1319, gb_free=10.7, wall=80578
2024-08-12 11:19:32 | INFO | train_inner | epoch 001:   6705 / 6796 loss=5.12, ppl=34.79, wps=19660.6, ups=0.07, wpb=262144, bsz=512, num_updates=6700, lr=0.00154533, gnorm=0.344, clip=0, loss_scale=8, train_wall=1333, gb_free=10.7, wall=81911
2024-08-12 11:39:40 | INFO | fairseq.checkpoint_utils | Preparing to save checkpoint for epoch 1 @ 6791 updates
2024-08-12 11:39:40 | INFO | fairseq.trainer | Saving checkpoint to ./CHECKPOINTS/checkpoint_valmA100_88255upd_lrx4/checkpoint1.pt
2024-08-12 11:39:58 | INFO | fairseq.trainer | Finished saving checkpoint to ./CHECKPOINTS/checkpoint_valmA100_88255upd_lrx4/checkpoint1.pt
2024-08-12 11:40:55 | INFO | fairseq.checkpoint_utils | Saved checkpoint ./CHECKPOINTS/checkpoint_valmA100_88255upd_lrx4/checkpoint1.pt (epoch 1 @ 6791 updates, score None) (writing took 74.95660687610507 seconds)
2024-08-12 11:40:55 | INFO | fairseq_cli.train | end of epoch 1 (average epoch stats below)
2024-08-12 11:40:55 | INFO | train | epoch 001 | loss 5.881 | ppl 58.93 | wps 21453.6 | ups 0.08 | wpb 262116 | bsz 511.9 | num_updates 6791 | lr 0.00153495 | gnorm 0.977 | clip 4.3 | loss_scale 8 | train_wall 82947 | gb_free 10.7 | wall 83194
2024-08-12 11:40:55 | INFO | fairseq.trainer | loading train data for epoch 2
2024-08-12 11:40:55 | INFO | fairseq.data.data_utils | loaded 52,734,000 examples from: ./data/data-bin/1/train
2024-08-12 11:40:56 | INFO | fairseq.data.iterators | grouped total_num_itrs = 6776
2024-08-12 11:40:57 | INFO | fairseq.trainer | begin training epoch 2
2024-08-12 11:40:57 | INFO | fairseq_cli.train | Start iterating over samples
2024-08-12 11:42:58 | INFO | train_inner | epoch 002:      9 / 6776 loss=5.115, ppl=34.64, wps=18595.1, ups=0.07, wpb=261489, bsz=510.7, num_updates=6800, lr=0.00153393, gnorm=0.34, clip=0, loss_scale=8, train_wall=1329, gb_free=10.7, wall=83318
2024-08-12 12:05:17 | INFO | train_inner | epoch 002:    109 / 6776 loss=5.109, ppl=34.51, wps=19575, ups=0.07, wpb=262144, bsz=512, num_updates=6900, lr=0.00152277, gnorm=0.339, clip=0, loss_scale=8, train_wall=1339, gb_free=10.7, wall=84657
2024-08-12 12:27:36 | INFO | train_inner | epoch 002:    209 / 6776 loss=5.106, ppl=34.44, wps=19576.8, ups=0.07, wpb=262144, bsz=512, num_updates=7000, lr=0.00151186, gnorm=0.336, clip=0, loss_scale=8, train_wall=1339, gb_free=10.7, wall=85996
2024-08-12 12:50:16 | INFO | train_inner | epoch 002:    309 / 6776 loss=5.098, ppl=34.26, wps=19275.7, ups=0.07, wpb=262144, bsz=512, num_updates=7100, lr=0.00150117, gnorm=0.333, clip=0, loss_scale=8, train_wall=1360, gb_free=10.7, wall=87356
2024-08-12 13:13:00 | INFO | train_inner | epoch 002:    409 / 6776 loss=5.096, ppl=34.2, wps=19217.3, ups=0.07, wpb=262144, bsz=512, num_updates=7200, lr=0.00149071, gnorm=0.327, clip=0, loss_scale=8, train_wall=1364, gb_free=10.7, wall=88720
2024-08-12 13:35:45 | INFO | train_inner | epoch 002:    509 / 6776 loss=5.097, ppl=34.22, wps=19201.4, ups=0.07, wpb=262144, bsz=512, num_updates=7300, lr=0.00148047, gnorm=0.332, clip=0, loss_scale=8, train_wall=1365, gb_free=10.7, wall=90085
2024-08-12 13:58:36 | INFO | train_inner | epoch 002:    609 / 6776 loss=5.088, ppl=34.01, wps=19122.5, ups=0.07, wpb=262144, bsz=512, num_updates=7400, lr=0.00147043, gnorm=0.323, clip=0, loss_scale=8, train_wall=1371, gb_free=10.7, wall=91456
2024-08-12 14:21:36 | INFO | train_inner | epoch 002:    709 / 6776 loss=5.082, ppl=33.86, wps=19004.3, ups=0.07, wpb=262144, bsz=512, num_updates=7500, lr=0.00146059, gnorm=0.334, clip=0, loss_scale=8, train_wall=1379, gb_free=10.7, wall=92835
2024-08-12 14:44:49 | INFO | train_inner | epoch 002:    809 / 6776 loss=5.076, ppl=33.72, wps=18820, ups=0.07, wpb=262144, bsz=512, num_updates=7600, lr=0.00145095, gnorm=0.321, clip=0, loss_scale=8, train_wall=1393, gb_free=10.7, wall=94228
2024-08-12 15:08:58 | INFO | train_inner | epoch 002:    909 / 6776 loss=5.073, ppl=33.66, wps=18086.8, ups=0.07, wpb=262144, bsz=512, num_updates=7700, lr=0.0014415, gnorm=0.313, clip=0, loss_scale=8, train_wall=1449, gb_free=10.7, wall=95678
2024-08-12 15:32:51 | INFO | train_inner | epoch 002:   1009 / 6776 loss=5.072, ppl=33.64, wps=18291.1, ups=0.07, wpb=262144, bsz=512, num_updates=7800, lr=0.00143223, gnorm=0.316, clip=0, loss_scale=8, train_wall=1433, gb_free=10.7, wall=97111
2024-08-12 15:56:49 | INFO | train_inner | epoch 002:   1109 / 6776 loss=5.069, ppl=33.56, wps=18226.6, ups=0.07, wpb=262144, bsz=512, num_updates=7900, lr=0.00142314, gnorm=0.321, clip=0, loss_scale=8, train_wall=1438, gb_free=10.7, wall=98549
2024-08-12 16:20:54 | INFO | train_inner | epoch 002:   1209 / 6776 loss=5.062, ppl=33.41, wps=18148.1, ups=0.07, wpb=262144, bsz=512, num_updates=8000, lr=0.00141421, gnorm=0.32, clip=0, loss_scale=8, train_wall=1444, gb_free=10.7, wall=99994
2024-08-12 16:45:08 | INFO | train_inner | epoch 002:   1309 / 6776 loss=5.059, ppl=33.35, wps=18028.2, ups=0.07, wpb=262144, bsz=512, num_updates=8100, lr=0.00140546, gnorm=0.315, clip=0, loss_scale=8, train_wall=1454, gb_free=10.7, wall=101448
2024-08-12 17:09:57 | INFO | train_inner | epoch 002:   1409 / 6776 loss=5.056, ppl=33.26, wps=17603.5, ups=0.07, wpb=262144, bsz=512, num_updates=8200, lr=0.00139686, gnorm=0.313, clip=0, loss_scale=16, train_wall=1489, gb_free=10.7, wall=102937
2024-08-12 17:34:52 | INFO | train_inner | epoch 002:   1509 / 6776 loss=5.054, ppl=33.22, wps=17533.4, ups=0.07, wpb=262144, bsz=512, num_updates=8300, lr=0.00138842, gnorm=0.319, clip=0, loss_scale=16, train_wall=1495, gb_free=10.7, wall=104432
2024-08-12 17:59:53 | INFO | train_inner | epoch 002:   1609 / 6776 loss=5.051, ppl=33.14, wps=17464, ups=0.07, wpb=262144, bsz=512, num_updates=8400, lr=0.00138013, gnorm=0.309, clip=0, loss_scale=16, train_wall=1501, gb_free=10.7, wall=105933
2024-08-12 18:25:07 | INFO | train_inner | epoch 002:   1709 / 6776 loss=5.052, ppl=33.16, wps=17319.6, ups=0.07, wpb=262144, bsz=512, num_updates=8500, lr=0.00137199, gnorm=0.309, clip=0, loss_scale=16, train_wall=1513, gb_free=10.7, wall=107446
2024-08-12 19:17:16 | INFO | train_inner | epoch 002:   1809 / 6776 loss=5.045, ppl=33.01, wps=8377.2, ups=0.03, wpb=262144, bsz=512, num_updates=8600, lr=0.00136399, gnorm=0.312, clip=0, loss_scale=16, train_wall=3129, gb_free=10.7, wall=110576
2024-08-12 22:56:59 | INFO | train_inner | epoch 002:   1909 / 6776 loss=5.047, ppl=33.05, wps=1988.6, ups=0.01, wpb=262144, bsz=512, num_updates=8700, lr=0.00135613, gnorm=0.305, clip=0, loss_scale=16, train_wall=13180, gb_free=10.7, wall=123758
