Hasi da
2024-05-30 10:46:53 | INFO | fairseq.distributed.utils | distributed init (rank 0): env://
2024-05-30 10:46:53 | INFO | fairseq.distributed.utils | setting CUDA device=3 on rank 3
2024-05-30 10:46:53 | INFO | fairseq.distributed.utils | initialized host tximista as rank 0
2024-05-30 10:46:53 | INFO | fairseq.distributed.utils | setting CUDA device=1 on rank 1
2024-05-30 10:46:53 | INFO | fairseq.distributed.utils | setting CUDA device=2 on rank 2
2024-05-30 10:46:53 | INFO | fairseq.distributed.utils | distributed init (rank 3): env://
2024-05-30 10:46:53 | INFO | fairseq.distributed.utils | initialized host tximista as rank 3
2024-05-30 10:46:53 | INFO | fairseq.distributed.utils | distributed init (rank 1): env://
2024-05-30 10:46:53 | INFO | fairseq.distributed.utils | distributed init (rank 2): env://
2024-05-30 10:46:53 | INFO | fairseq.distributed.utils | initialized host tximista as rank 1
2024-05-30 10:46:53 | INFO | fairseq.distributed.utils | initialized host tximista as rank 2
NCCL version 2.18.1+cuda12.1
2024-05-30 10:47:04 | INFO | fairseq_cli.train | {'_name': None, 'common': {'_name': None, 'no_progress_bar': False, 'log_interval': 100, 'log_format': None, 'log_file': None, 'tensorboard_logdir': None, 'wandb_project': 'VaLM-baseline', 'azureml_logging': False, 'seed': 1, 'cpu': False, 'tpu': False, 'bf16': False, 'memory_efficient_bf16': False, 'fp16': False, 'memory_efficient_fp16': False, 'fp16_no_flatten_grads': False, 'fp16_init_scale': 128, 'fp16_scale_window': None, 'fp16_scale_tolerance': 0.0, 'on_cpu_convert_precision': False, 'min_loss_scale': 0.0001, 'threshold_loss_scale': None, 'amp': False, 'amp_batch_retries': 2, 'amp_init_scale': 128, 'amp_scale_window': None, 'user_dir': None, 'empty_cache_freq': 0, 'all_gather_list_size': 16384, 'model_parallel_size': 1, 'quantization_config_path': None, 'profile': False, 'reset_logging': False, 'suppress_crashes': False, 'use_plasma_view': False, 'plasma_path': '/tmp/plasma'}, 'common_eval': {'_name': None, 'path': None, 'post_process': None, 'quiet': False, 'model_overrides': '{}', 'results_path': None}, 'distributed_training': {'_name': None, 'distributed_world_size': 4, 'distributed_num_procs': 4, 'distributed_rank': 0, 'distributed_backend': 'nccl', 'distributed_init_method': 'env://', 'distributed_port': -1, 'device_id': 0, 'distributed_no_spawn': True, 'ddp_backend': 'legacy_ddp', 'ddp_comm_hook': 'none', 'bucket_cap_mb': 25, 'fix_batches_to_gpus': False, 'find_unused_parameters': False, 'gradient_as_bucket_view': False, 'fast_stat_sync': False, 'heartbeat_timeout': -1, 'broadcast_buffers': False, 'slowmo_momentum': None, 'slowmo_base_algorithm': 'localsgd', 'localsgd_frequency': 3, 'nprocs_per_node': 4, 'pipeline_model_parallel': False, 'pipeline_balance': None, 'pipeline_devices': None, 'pipeline_chunks': 0, 'pipeline_encoder_balance': None, 'pipeline_encoder_devices': None, 'pipeline_decoder_balance': None, 'pipeline_decoder_devices': None, 'pipeline_checkpoint': 'never', 'zero_sharding': 'none', 'fp16': False, 'memory_efficient_fp16': False, 'tpu': False, 'no_reshard_after_forward': False, 'fp32_reduce_scatter': False, 'cpu_offload': False, 'use_sharded_state': False, 'not_fsdp_flatten_parameters': False}, 'dataset': {'_name': None, 'num_workers': 1, 'skip_invalid_size_inputs_valid_test': False, 'max_tokens': 32768, 'batch_size': None, 'required_batch_size_multiple': 8, 'required_seq_len_multiple': 1, 'dataset_impl': None, 'data_buffer_size': 10, 'train_subset': 'train', 'valid_subset': 'valid', 'combine_valid_subsets': None, 'ignore_unused_valid_subsets': False, 'validate_interval': 1, 'validate_interval_updates': 0, 'validate_after_updates': 0, 'fixed_validation_seed': None, 'disable_validation': True, 'max_tokens_valid': 32768, 'batch_size_valid': None, 'max_valid_steps': None, 'curriculum': 0, 'gen_subset': 'test', 'num_shards': 1, 'shard_id': 0, 'grouped_shuffling': False, 'update_epoch_batch_itr': False, 'update_ordered_indices_seed': False}, 'optimization': {'_name': None, 'max_epoch': 0, 'max_update': 800, 'stop_time_hours': 0.0, 'clip_norm': 2.0, 'sentence_avg': False, 'update_freq': [1], 'lr': [0.002], 'stop_min_lr': -1.0, 'use_bmuf': False, 'skip_remainder_batch': False}, 'checkpoint': {'_name': None, 'save_dir': './CHECKPOINTS/checkpoint_valmA100_40600upd_lrx4_more_finetune_200upd_3', 'restore_file': 'checkpoint_last.pt', 'finetune_from_model': './CHECKPOINTS/checkpoint_valmA100_40600upd_lrx4/checkpoint_last.pt', 'reset_dataloader': False, 'reset_lr_scheduler': False, 'reset_meters': False, 'reset_optimizer': False, 'optimizer_overrides': '{}', 'save_interval': 1, 'save_interval_updates': 1000, 'keep_interval_updates': -1, 'keep_interval_updates_pattern': -1, 'keep_last_epochs': -1, 'keep_best_checkpoints': -1, 'no_save': False, 'no_epoch_checkpoints': False, 'no_last_checkpoints': False, 'no_save_optimizer_state': False, 'best_checkpoint_metric': 'loss', 'maximize_best_checkpoint_metric': False, 'patience': -1, 'checkpoint_suffix': '', 'checkpoint_shard_count': 1, 'load_checkpoint_on_all_dp_ranks': False, 'write_checkpoints_asynchronously': False, 'model_parallel_size': 1}, 'bmuf': {'_name': None, 'block_lr': 1.0, 'block_momentum': 0.875, 'global_sync_iter': 50, 'warmup_iterations': 500, 'use_nbm': False, 'average_sync': False, 'distributed_world_size': 4}, 'generation': {'_name': None, 'beam': 5, 'nbest': 1, 'max_len_a': 0.0, 'max_len_b': 200, 'min_len': 1, 'match_source_len': False, 'unnormalized': False, 'no_early_stop': False, 'no_beamable_mm': False, 'lenpen': 1.0, 'unkpen': 0.0, 'replace_unk': None, 'sacrebleu': False, 'score_reference': False, 'prefix_size': 0, 'no_repeat_ngram_size': 0, 'sampling': False, 'sampling_topk': -1, 'sampling_topp': -1.0, 'constraints': None, 'temperature': 1.0, 'diverse_beam_groups': -1, 'diverse_beam_strength': 0.5, 'diversity_rate': -1.0, 'print_alignment': None, 'print_step': False, 'lm_path': None, 'lm_weight': 0.0, 'iter_decode_eos_penalty': 0.0, 'iter_decode_max_iter': 10, 'iter_decode_force_max_iter': False, 'iter_decode_with_beam': 1, 'iter_decode_with_external_reranker': False, 'retain_iter_history': False, 'retain_dropout': False, 'retain_dropout_modules': None, 'decoding_format': None, 'no_seed_provided': False}, 'eval_lm': {'_name': None, 'output_word_probs': False, 'output_word_stats': False, 'context_window': 0, 'softmax_batch': 9223372036854775807}, 'interactive': {'_name': None, 'buffer_size': 0, 'input': '-'}, 'model': {'_name': 'transformer_lm_gpt', 'activation_fn': 'gelu', 'dropout': 0.1, 'attention_dropout': 0.1, 'activation_dropout': 0.0, 'relu_dropout': 0.0, 'decoder_embed_dim': 768, 'decoder_output_dim': 768, 'decoder_input_dim': 768, 'decoder_ffn_embed_dim': 3072, 'decoder_layers': 12, 'decoder_attention_heads': 12, 'decoder_normalize_before': True, 'no_decoder_final_norm': False, 'adaptive_softmax_cutoff': None, 'adaptive_softmax_dropout': 0.0, 'adaptive_softmax_factor': 4.0, 'no_token_positional_embeddings': False, 'share_decoder_input_output_embed': True, 'character_embeddings': False, 'character_filters': '[(1, 64), (2, 128), (3, 192), (4, 256), (5, 256), (6, 256), (7, 256)]', 'character_embedding_dim': 4, 'char_embedder_highway_layers': 2, 'adaptive_input': False, 'adaptive_input_factor': 4.0, 'adaptive_input_cutoff': None, 'tie_adaptive_weights': False, 'tie_adaptive_proj': False, 'decoder_learned_pos': False, 'layernorm_embedding': False, 'no_scale_embedding': False, 'checkpoint_activations': False, 'offload_activations': False, 'decoder_layerdrop': 0.0, 'decoder_layers_to_keep': None, 'quant_noise_pq': 0.0, 'quant_noise_pq_block_size': 8, 'quant_noise_scalar': 0.0, 'min_params_to_wrap': 100000000, 'base_layers': 0, 'base_sublayers': 1, 'base_shuffle': 0, 'scale_fc': False, 'scale_attn': False, 'scale_heads': False, 'scale_resids': False, 'add_bos_token': False, 'tokens_per_sample': 512, 'max_target_positions': None, 'tpu': False, 'use_knn_datastore': True, 'load_knn_datastore': False, 'dstore_fp16': False, 'use_gpu_to_search': False, 'move_dstore_to_mem': False, 'dstore_size': 10000000, 'k': 8, 'probe': 32, 'dstore_filename': 'data/datastore', 'use_joint_attention': True, 'joint_layer_index': 2}, 'task': {'_name': 'language_modeling', 'data': './data/finetune_data3', 'sample_break_mode': 'none', 'tokens_per_sample': 512, 'output_dictionary_size': -1, 'self_target': False, 'future_target': False, 'past_target': False, 'add_bos_token': False, 'max_target_positions': None, 'shorten_method': 'none', 'shorten_data_split_list': '', 'pad_to_fixed_length': False, 'pad_to_fixed_bsz': False, 'seed': 1, 'batch_size': None, 'batch_size_valid': None, 'dataset_impl': None, 'data_buffer_size': 10, 'tpu': False, 'use_plasma_view': False, 'plasma_path': '/tmp/plasma'}, 'criterion': {'_name': 'cross_entropy', 'sentence_avg': False}, 'optimizer': {'_name': 'adam', 'adam_betas': '(0.9, 0.98)', 'adam_eps': 1e-08, 'weight_decay': 0.01, 'use_old_adam': False, 'fp16_adam_stats': False, 'tpu': False, 'lr': [0.002]}, 'lr_scheduler': {'_name': 'inverse_sqrt', 'warmup_updates': 4000, 'warmup_init_lr': -1.0, 'lr': [0.002]}, 'scoring': {'_name': 'bleu', 'pad': 1, 'eos': 2, 'unk': 3}, 'bpe': None, 'tokenizer': None, 'ema': {'_name': None, 'store_ema': False, 'ema_decay': 0.9999, 'ema_start_update': 0, 'ema_seed_model': None, 'ema_update_freq': 1, 'ema_fp32': False}}
{'_name': 'language_modeling', 'data': './data/finetune_data3', 'sample_break_mode': none, 'tokens_per_sample': 512, 'output_dictionary_size': -1, 'self_target': False, 'future_target': False, 'past_target': False, 'add_bos_token': False, 'max_target_positions': None, 'shorten_method': none, 'shorten_data_split_list': '', 'pad_to_fixed_length': False, 'pad_to_fixed_bsz': False, 'seed': 1, 'batch_size': None, 'batch_size_valid': None, 'dataset_impl': None, 'data_buffer_size': 10, 'tpu': False, 'use_plasma_view': False, 'plasma_path': '/tmp/plasma'}
{'_name': 'language_modeling', 'data': './data/finetune_data3', 'sample_break_mode': none, 'tokens_per_sample': 512, 'output_dictionary_size': -1, 'self_target': False, 'future_target': False, 'past_target': False, 'add_bos_token': False, 'max_target_positions': None, 'shorten_method': none, 'shorten_data_split_list': '', 'pad_to_fixed_length': False, 'pad_to_fixed_bsz': False, 'seed': 1, 'batch_size': None, 'batch_size_valid': None, 'dataset_impl': None, 'data_buffer_size': 10, 'tpu': False, 'use_plasma_view': False, 'plasma_path': '/tmp/plasma'}
{'_name': 'language_modeling', 'data': './data/finetune_data3', 'sample_break_mode': none, 'tokens_per_sample': 512, 'output_dictionary_size': -1, 'self_target': False, 'future_target': False, 'past_target': False, 'add_bos_token': False, 'max_target_positions': None, 'shorten_method': none, 'shorten_data_split_list': '', 'pad_to_fixed_length': False, 'pad_to_fixed_bsz': False, 'seed': 1, 'batch_size': None, 'batch_size_valid': None, 'dataset_impl': None, 'data_buffer_size': 10, 'tpu': False, 'use_plasma_view': False, 'plasma_path': '/tmp/plasma'}
{'_name': 'language_modeling', 'data': './data/finetune_data3', 'sample_break_mode': none, 'tokens_per_sample': 512, 'output_dictionary_size': -1, 'self_target': False, 'future_target': False, 'past_target': False, 'add_bos_token': False, 'max_target_positions': None, 'shorten_method': none, 'shorten_data_split_list': '', 'pad_to_fixed_length': False, 'pad_to_fixed_bsz': False, 'seed': 1, 'batch_size': None, 'batch_size_valid': None, 'dataset_impl': None, 'data_buffer_size': 10, 'tpu': False, 'use_plasma_view': False, 'plasma_path': '/tmp/plasma'}
2024-05-30 10:47:04 | INFO | fairseq.tasks.language_modeling | dictionary: 49412 types
2024-05-30 10:47:08 | INFO | fairseq_cli.train | TransformerLanguageModel(
  (decoder): TransformerDecoder(
    (dropout_module): FairseqDropout()
    (embed_tokens): Embedding(49412, 768, padding_idx=1)
    (embed_positions): SinusoidalPositionalEmbedding()
    (layers): ModuleList(
      (0-9): 10 x TransformerDecoderLayerBase(
        (dropout_module): FairseqDropout()
        (self_attn): MultiheadAttention(
          (dropout_module): FairseqDropout()
          (k_proj): Linear(in_features=768, out_features=768, bias=True)
          (v_proj): Linear(in_features=768, out_features=768, bias=True)
          (q_proj): Linear(in_features=768, out_features=768, bias=True)
          (out_proj): Linear(in_features=768, out_features=768, bias=True)
        )
        (activation_dropout_module): FairseqDropout()
        (self_attn_layer_norm): LayerNorm((768,), eps=1e-05, elementwise_affine=True)
        (fc1): Linear(in_features=768, out_features=3072, bias=True)
        (fc2): Linear(in_features=3072, out_features=768, bias=True)
        (final_layer_norm): LayerNorm((768,), eps=1e-05, elementwise_affine=True)
      )
      (10): TransformerDecoderLayerwithJointAttention(
        (dropout_module): FairseqDropout()
        (self_attn): JointMultiheadAttention(
          (dropout_module): FairseqDropout()
          (k_proj): Linear(in_features=768, out_features=768, bias=True)
          (v_proj): Linear(in_features=768, out_features=768, bias=True)
          (q_proj): Linear(in_features=768, out_features=768, bias=True)
          (img_k_proj): Linear(in_features=768, out_features=768, bias=True)
          (img_v_proj): Linear(in_features=768, out_features=768, bias=True)
          (out_proj): Linear(in_features=768, out_features=768, bias=True)
          (img_layer_norm): LayerNorm((768,), eps=1e-05, elementwise_affine=True)
        )
        (activation_dropout_module): FairseqDropout()
        (self_attn_layer_norm): LayerNorm((768,), eps=1e-05, elementwise_affine=True)
        (fc1): Linear(in_features=768, out_features=3072, bias=True)
        (fc2): Linear(in_features=3072, out_features=768, bias=True)
        (final_layer_norm): LayerNorm((768,), eps=1e-05, elementwise_affine=True)
      )
      (11): TransformerDecoderLayerBase(
        (dropout_module): FairseqDropout()
        (self_attn): MultiheadAttention(
          (dropout_module): FairseqDropout()
          (k_proj): Linear(in_features=768, out_features=768, bias=True)
          (v_proj): Linear(in_features=768, out_features=768, bias=True)
          (q_proj): Linear(in_features=768, out_features=768, bias=True)
          (out_proj): Linear(in_features=768, out_features=768, bias=True)
        )
        (activation_dropout_module): FairseqDropout()
        (self_attn_layer_norm): LayerNorm((768,), eps=1e-05, elementwise_affine=True)
        (fc1): Linear(in_features=768, out_features=3072, bias=True)
        (fc2): Linear(in_features=3072, out_features=768, bias=True)
        (final_layer_norm): LayerNorm((768,), eps=1e-05, elementwise_affine=True)
      )
    )
    (layer_norm): LayerNorm((768,), eps=1e-05, elementwise_affine=True)
    (output_projection): Linear(in_features=768, out_features=49412, bias=False)
  )
)
2024-05-30 10:47:08 | INFO | fairseq_cli.train | task: LanguageModelingTask
2024-05-30 10:47:08 | INFO | fairseq_cli.train | model: TransformerLanguageModel
2024-05-30 10:47:08 | INFO | fairseq_cli.train | criterion: CrossEntropyCriterion
2024-05-30 10:47:08 | INFO | fairseq_cli.train | num. shared model params: 124,187,136 (num. trained: 124,187,136)
2024-05-30 10:47:08 | INFO | fairseq_cli.train | num. expert model params: 0 (num. trained: 0)
2024-05-30 10:47:08 | INFO | fairseq.data.data_utils | loaded 4,152,408 examples from: ./data/finetune_data3/valid
2024-05-30 10:47:08 | INFO | fairseq.trainer | detected shared parameter: decoder.embed_tokens.weight <- decoder.output_projection.weight
2024-05-30 10:47:18 | INFO | fairseq.utils | ***********************CUDA enviroments for all 4 workers***********************
2024-05-30 10:47:18 | INFO | fairseq.utils | rank   0: capabilities =  8.0  ; total memory = 79.151 GB ; name = NVIDIA A100-SXM4-80GB                   
2024-05-30 10:47:18 | INFO | fairseq.utils | rank   1: capabilities =  8.0  ; total memory = 79.151 GB ; name = NVIDIA A100-SXM4-80GB                   
2024-05-30 10:47:18 | INFO | fairseq.utils | rank   2: capabilities =  8.0  ; total memory = 79.151 GB ; name = NVIDIA A100-SXM4-80GB                   
2024-05-30 10:47:18 | INFO | fairseq.utils | rank   3: capabilities =  8.0  ; total memory = 79.151 GB ; name = NVIDIA A100-SXM4-80GB                   
2024-05-30 10:47:18 | INFO | fairseq.utils | ***********************CUDA enviroments for all 4 workers***********************
2024-05-30 10:47:18 | INFO | fairseq_cli.train | training on 4 devices (GPUs/TPUs)
2024-05-30 10:47:18 | INFO | fairseq_cli.train | max tokens per device = 32768 and max sentences per device = None
2024-05-30 10:47:18 | INFO | fairseq.checkpoint_utils | loading pretrained model from ./CHECKPOINTS/checkpoint_valmA100_40600upd_lrx4/checkpoint_last.pt: optimizer, lr scheduler, meters, dataloader will be reset
2024-05-30 10:47:18 | INFO | fairseq.trainer | Preparing to load checkpoint ./CHECKPOINTS/checkpoint_valmA100_40600upd_lrx4/checkpoint_last.pt
2024-05-30 10:47:19 | INFO | fairseq.trainer | NOTE: your device may support faster training with --fp16 or --amp
2024-05-30 10:47:19 | INFO | fairseq.trainer | Loaded checkpoint ./CHECKPOINTS/checkpoint_valmA100_40600upd_lrx4/checkpoint_last.pt (epoch 7 @ 0 updates)
2024-05-30 10:47:19 | INFO | fairseq.trainer | loading train data for epoch 1
2024-05-30 10:47:19 | INFO | fairseq.data.data_utils | loaded 4,152,408 examples from: ./data/finetune_data3/train
2024-05-30 10:47:19 | INFO | fairseq.data.iterators | grouped total_num_itrs = 376
2024-05-30 10:47:21 | INFO | fairseq.trainer | begin training epoch 1
2024-05-30 10:47:21 | INFO | fairseq_cli.train | Start iterating over samples
2024-05-30 11:14:04 | INFO | train_inner | epoch 001:    100 / 376 loss=5.828, ppl=56.82, wps=8161.9, ups=0.06, wpb=130749, bsz=255.4, num_updates=100, lr=5e-05, gnorm=1.304, clip=21, train_wall=1602, gb_free=28.3, wall=1606
2024-05-30 11:40:56 | INFO | train_inner | epoch 001:    200 / 376 loss=5.256, ppl=38.22, wps=8118.9, ups=0.06, wpb=130906, bsz=255.7, num_updates=200, lr=0.0001, gnorm=0.365, clip=0, train_wall=1612, gb_free=28.3, wall=3218
2024-05-30 12:07:31 | INFO | train_inner | epoch 001:    300 / 376 loss=5.009, ppl=32.2, wps=8218.3, ups=0.06, wpb=131072, bsz=256, num_updates=300, lr=0.00015, gnorm=0.367, clip=0, train_wall=1595, gb_free=28.3, wall=4813
2024-05-30 12:27:55 | INFO | fairseq.checkpoint_utils | Preparing to save checkpoint for epoch 1 @ 376 updates
2024-05-30 12:27:55 | INFO | fairseq.trainer | Saving checkpoint to ./CHECKPOINTS/checkpoint_valmA100_40600upd_lrx4_more_finetune_200upd_3/checkpoint1.pt
2024-05-30 12:28:10 | INFO | fairseq.trainer | Finished saving checkpoint to ./CHECKPOINTS/checkpoint_valmA100_40600upd_lrx4_more_finetune_200upd_3/checkpoint1.pt
2024-05-30 12:28:39 | INFO | fairseq.checkpoint_utils | Saved checkpoint ./CHECKPOINTS/checkpoint_valmA100_40600upd_lrx4_more_finetune_200upd_3/checkpoint1.pt (epoch 1 @ 376 updates, score None) (writing took 43.71008029021323 seconds)
2024-05-30 12:28:39 | INFO | fairseq_cli.train | end of epoch 1 (average epoch stats below)
2024-05-30 12:28:39 | INFO | train | epoch 001 | loss 5.266 | ppl 38.47 | wps 8085 | ups 0.06 | wpb 130681 | bsz 255.2 | num_updates 376 | lr 0.000188 | gnorm 0.619 | clip 5.6 | train_wall 6033 | gb_free 28.3 | wall 6081
2024-05-30 12:28:39 | INFO | fairseq.data.iterators | grouped total_num_itrs = 376
2024-05-30 12:28:39 | INFO | fairseq.trainer | begin training epoch 2
2024-05-30 12:28:39 | INFO | fairseq_cli.train | Start iterating over samples
2024-05-30 12:35:07 | INFO | train_inner | epoch 002:     24 / 376 loss=4.861, ppl=29.07, wps=7856.2, ups=0.06, wpb=130089, bsz=254.1, num_updates=400, lr=0.0002, gnorm=0.38, clip=0, train_wall=1611, gb_free=28.3, wall=6469
2024-05-30 13:01:55 | INFO | train_inner | epoch 002:    124 / 376 loss=4.758, ppl=27.06, wps=8150.5, ups=0.06, wpb=131072, bsz=256, num_updates=500, lr=0.00025, gnorm=0.386, clip=0, train_wall=1608, gb_free=28.3, wall=8077
2024-05-30 13:28:48 | INFO | train_inner | epoch 002:    224 / 376 loss=4.699, ppl=25.98, wps=8118.1, ups=0.06, wpb=130906, bsz=255.7, num_updates=600, lr=0.0003, gnorm=0.392, clip=0, train_wall=1612, gb_free=28.3, wall=9690
2024-05-30 13:55:43 | INFO | train_inner | epoch 002:    324 / 376 loss=4.644, ppl=25, wps=8092, ups=0.06, wpb=130749, bsz=255.4, num_updates=700, lr=0.00035, gnorm=0.406, clip=0, train_wall=1615, gb_free=28.3, wall=11305
2024-05-30 14:09:44 | INFO | fairseq.checkpoint_utils | Preparing to save checkpoint for epoch 2 @ 752 updates
2024-05-30 14:09:44 | INFO | fairseq.trainer | Saving checkpoint to ./CHECKPOINTS/checkpoint_valmA100_40600upd_lrx4_more_finetune_200upd_3/checkpoint2.pt
2024-05-30 14:10:00 | INFO | fairseq.trainer | Finished saving checkpoint to ./CHECKPOINTS/checkpoint_valmA100_40600upd_lrx4_more_finetune_200upd_3/checkpoint2.pt
2024-05-30 14:10:42 | INFO | fairseq.checkpoint_utils | Saved checkpoint ./CHECKPOINTS/checkpoint_valmA100_40600upd_lrx4_more_finetune_200upd_3/checkpoint2.pt (epoch 2 @ 752 updates, score None) (writing took 57.861108435317874 seconds)
2024-05-30 14:10:42 | INFO | fairseq_cli.train | end of epoch 2 (average epoch stats below)
2024-05-30 14:10:42 | INFO | train | epoch 002 | loss 4.696 | ppl 25.91 | wps 8025.3 | ups 0.06 | wpb 130681 | bsz 255.2 | num_updates 752 | lr 0.000376 | gnorm 0.394 | clip 0 | train_wall 6064 | gb_free 28.3 | wall 12204
2024-05-30 14:10:42 | INFO | fairseq.data.iterators | grouped total_num_itrs = 376
2024-05-30 14:10:42 | INFO | fairseq.trainer | begin training epoch 3
2024-05-30 14:10:42 | INFO | fairseq_cli.train | Start iterating over samples
2024-05-30 14:23:24 | INFO | train_inner | epoch 003:     48 / 376 loss=4.585, ppl=24, wps=7831.4, ups=0.06, wpb=130089, bsz=254.1, num_updates=800, lr=0.0004, gnorm=0.415, clip=0, train_wall=1603, gb_free=28.3, wall=12967
2024-05-30 14:23:24 | INFO | fairseq_cli.train | Stopping training due to num_updates: 800 >= max_update: 800
2024-05-30 14:23:24 | INFO | fairseq.checkpoint_utils | Preparing to save checkpoint for epoch 3 @ 800 updates
2024-05-30 14:23:24 | INFO | fairseq.trainer | Saving checkpoint to ./CHECKPOINTS/checkpoint_valmA100_40600upd_lrx4_more_finetune_200upd_3/checkpoint_last.pt
2024-05-30 14:23:40 | INFO | fairseq.trainer | Finished saving checkpoint to ./CHECKPOINTS/checkpoint_valmA100_40600upd_lrx4_more_finetune_200upd_3/checkpoint_last.pt
2024-05-30 14:23:40 | INFO | fairseq.checkpoint_utils | Saved checkpoint ./CHECKPOINTS/checkpoint_valmA100_40600upd_lrx4_more_finetune_200upd_3/checkpoint_last.pt (epoch 3 @ 800 updates, score None) (writing took 15.957437867298722 seconds)
2024-05-30 14:23:40 | INFO | fairseq_cli.train | end of epoch 3 (average epoch stats below)
2024-05-30 14:23:40 | INFO | train | epoch 003 | loss 4.558 | ppl 23.56 | wps 8078.9 | ups 0.06 | wpb 131072 | bsz 256 | num_updates 800 | lr 0.0004 | gnorm 0.432 | clip 0 | train_wall 763 | gb_free 28.3 | wall 12983
2024-05-30 14:23:40 | INFO | fairseq_cli.train | done training in 12981.6 seconds
2024-05-30 14:23:59 | INFO | fairseq.distributed.utils | setting CUDA device=3 on rank 3
2024-05-30 14:23:59 | INFO | fairseq.distributed.utils | setting CUDA device=1 on rank 1
2024-05-30 14:23:59 | INFO | fairseq.distributed.utils | setting CUDA device=2 on rank 2
2024-05-30 14:23:59 | INFO | fairseq.distributed.utils | distributed init (rank 0): env://
2024-05-30 14:23:59 | INFO | fairseq.distributed.utils | initialized host tximista as rank 0
2024-05-30 14:23:59 | INFO | fairseq.distributed.utils | distributed init (rank 3): env://
2024-05-30 14:23:59 | INFO | fairseq.distributed.utils | initialized host tximista as rank 3
2024-05-30 14:23:59 | INFO | fairseq.distributed.utils | distributed init (rank 1): env://
2024-05-30 14:23:59 | INFO | fairseq.distributed.utils | initialized host tximista as rank 1
2024-05-30 14:23:59 | INFO | fairseq.distributed.utils | distributed init (rank 2): env://
2024-05-30 14:23:59 | INFO | fairseq.distributed.utils | initialized host tximista as rank 2
NCCL version 2.18.1+cuda12.1
{'_name': 'language_modeling', 'data': './data/finetune_data3', 'sample_break_mode': none, 'tokens_per_sample': 512, 'output_dictionary_size': -1, 'self_target': False, 'future_target': False, 'past_target': False, 'add_bos_token': False, 'max_target_positions': None, 'shorten_method': none, 'shorten_data_split_list': '', 'pad_to_fixed_length': False, 'pad_to_fixed_bsz': False, 'seed': 1, 'batch_size': None, 'batch_size_valid': None, 'dataset_impl': None, 'data_buffer_size': 10, 'tpu': False, 'use_plasma_view': False, 'plasma_path': '/tmp/plasma'}
{'_name': 'language_modeling', 'data': './data/finetune_data3', 'sample_break_mode': none, 'tokens_per_sample': 512, 'output_dictionary_size': -1, 'self_target': False, 'future_target': False, 'past_target': False, 'add_bos_token': False, 'max_target_positions': None, 'shorten_method': none, 'shorten_data_split_list': '', 'pad_to_fixed_length': False, 'pad_to_fixed_bsz': False, 'seed': 1, 'batch_size': None, 'batch_size_valid': None, 'dataset_impl': None, 'data_buffer_size': 10, 'tpu': False, 'use_plasma_view': False, 'plasma_path': '/tmp/plasma'}
2024-05-30 14:24:10 | INFO | fairseq_cli.train | {'_name': None, 'common': {'_name': None, 'no_progress_bar': False, 'log_interval': 100, 'log_format': None, 'log_file': None, 'tensorboard_logdir': None, 'wandb_project': 'VaLM-baseline', 'azureml_logging': False, 'seed': 1, 'cpu': False, 'tpu': False, 'bf16': False, 'memory_efficient_bf16': False, 'fp16': True, 'memory_efficient_fp16': False, 'fp16_no_flatten_grads': False, 'fp16_init_scale': 128, 'fp16_scale_window': None, 'fp16_scale_tolerance': 0.0, 'on_cpu_convert_precision': False, 'min_loss_scale': 0.0001, 'threshold_loss_scale': None, 'amp': False, 'amp_batch_retries': 2, 'amp_init_scale': 128, 'amp_scale_window': None, 'user_dir': None, 'empty_cache_freq': 0, 'all_gather_list_size': 16384, 'model_parallel_size': 1, 'quantization_config_path': None, 'profile': False, 'reset_logging': False, 'suppress_crashes': False, 'use_plasma_view': False, 'plasma_path': '/tmp/plasma'}, 'common_eval': {'_name': None, 'path': None, 'post_process': None, 'quiet': False, 'model_overrides': '{}', 'results_path': None}, 'distributed_training': {'_name': None, 'distributed_world_size': 4, 'distributed_num_procs': 4, 'distributed_rank': 0, 'distributed_backend': 'nccl', 'distributed_init_method': 'env://', 'distributed_port': -1, 'device_id': 0, 'distributed_no_spawn': True, 'ddp_backend': 'pytorch_ddp', 'ddp_comm_hook': 'none', 'bucket_cap_mb': 25, 'fix_batches_to_gpus': False, 'find_unused_parameters': False, 'gradient_as_bucket_view': False, 'fast_stat_sync': False, 'heartbeat_timeout': -1, 'broadcast_buffers': False, 'slowmo_momentum': None, 'slowmo_base_algorithm': 'localsgd', 'localsgd_frequency': 3, 'nprocs_per_node': 4, 'pipeline_model_parallel': False, 'pipeline_balance': None, 'pipeline_devices': None, 'pipeline_chunks': 0, 'pipeline_encoder_balance': None, 'pipeline_encoder_devices': None, 'pipeline_decoder_balance': None, 'pipeline_decoder_devices': None, 'pipeline_checkpoint': 'never', 'zero_sharding': 'none', 'fp16': True, 'memory_efficient_fp16': False, 'tpu': False, 'no_reshard_after_forward': False, 'fp32_reduce_scatter': False, 'cpu_offload': False, 'use_sharded_state': False, 'not_fsdp_flatten_parameters': False}, 'dataset': {'_name': None, 'num_workers': 1, 'skip_invalid_size_inputs_valid_test': False, 'max_tokens': 65536, 'batch_size': None, 'required_batch_size_multiple': 8, 'required_seq_len_multiple': 1, 'dataset_impl': None, 'data_buffer_size': 10, 'train_subset': 'train', 'valid_subset': 'valid', 'combine_valid_subsets': None, 'ignore_unused_valid_subsets': False, 'validate_interval': 1, 'validate_interval_updates': 0, 'validate_after_updates': 0, 'fixed_validation_seed': None, 'disable_validation': True, 'max_tokens_valid': 65536, 'batch_size_valid': None, 'max_valid_steps': None, 'curriculum': 0, 'gen_subset': 'test', 'num_shards': 1, 'shard_id': 0, 'grouped_shuffling': False, 'update_epoch_batch_itr': False, 'update_ordered_indices_seed': False}, 'optimization': {'_name': None, 'max_epoch': 0, 'max_update': 800, 'stop_time_hours': 0.0, 'clip_norm': 2.0, 'sentence_avg': False, 'update_freq': [1], 'lr': [0.002], 'stop_min_lr': -1.0, 'use_bmuf': False, 'skip_remainder_batch': False}, 'checkpoint': {'_name': None, 'save_dir': './CHECKPOINTS/checkpoint_gpt_blind_lrx4_40600upd_more_finetune_200upd_3', 'restore_file': 'checkpoint_last.pt', 'finetune_from_model': './CHECKPOINTS/checkpoint_gpt_blind_lrx4_40600upd/checkpoint_last.pt', 'reset_dataloader': False, 'reset_lr_scheduler': False, 'reset_meters': False, 'reset_optimizer': False, 'optimizer_overrides': '{}', 'save_interval': 1, 'save_interval_updates': 1000, 'keep_interval_updates': -1, 'keep_interval_updates_pattern': -1, 'keep_last_epochs': -1, 'keep_best_checkpoints': -1, 'no_save': False, 'no_epoch_checkpoints': False, 'no_last_checkpoints': False, 'no_save_optimizer_state': False, 'best_checkpoint_metric': 'loss', 'maximize_best_checkpoint_metric': False, 'patience': -1, 'checkpoint_suffix': '', 'checkpoint_shard_count': 1, 'load_checkpoint_on_all_dp_ranks': False, 'write_checkpoints_asynchronously': False, 'model_parallel_size': 1}, 'bmuf': {'_name': None, 'block_lr': 1.0, 'block_momentum': 0.875, 'global_sync_iter': 50, 'warmup_iterations': 500, 'use_nbm': False, 'average_sync': False, 'distributed_world_size': 4}, 'generation': {'_name': None, 'beam': 5, 'nbest': 1, 'max_len_a': 0.0, 'max_len_b': 200, 'min_len': 1, 'match_source_len': False, 'unnormalized': False, 'no_early_stop': False, 'no_beamable_mm': False, 'lenpen': 1.0, 'unkpen': 0.0, 'replace_unk': None, 'sacrebleu': False, 'score_reference': False, 'prefix_size': 0, 'no_repeat_ngram_size': 0, 'sampling': False, 'sampling_topk': -1, 'sampling_topp': -1.0, 'constraints': None, 'temperature': 1.0, 'diverse_beam_groups': -1, 'diverse_beam_strength': 0.5, 'diversity_rate': -1.0, 'print_alignment': None, 'print_step': False, 'lm_path': None, 'lm_weight': 0.0, 'iter_decode_eos_penalty': 0.0, 'iter_decode_max_iter': 10, 'iter_decode_force_max_iter': False, 'iter_decode_with_beam': 1, 'iter_decode_with_external_reranker': False, 'retain_iter_history': False, 'retain_dropout': False, 'retain_dropout_modules': None, 'decoding_format': None, 'no_seed_provided': False}, 'eval_lm': {'_name': None, 'output_word_probs': False, 'output_word_stats': False, 'context_window': 0, 'softmax_batch': 9223372036854775807}, 'interactive': {'_name': None, 'buffer_size': 0, 'input': '-'}, 'model': {'_name': 'transformer_lm_gpt', 'activation_fn': 'gelu', 'dropout': 0.1, 'attention_dropout': 0.1, 'activation_dropout': 0.0, 'relu_dropout': 0.0, 'decoder_embed_dim': 768, 'decoder_output_dim': 768, 'decoder_input_dim': 768, 'decoder_ffn_embed_dim': 3072, 'decoder_layers': 12, 'decoder_attention_heads': 12, 'decoder_normalize_before': True, 'no_decoder_final_norm': False, 'adaptive_softmax_cutoff': None, 'adaptive_softmax_dropout': 0.0, 'adaptive_softmax_factor': 4.0, 'no_token_positional_embeddings': False, 'share_decoder_input_output_embed': True, 'character_embeddings': False, 'character_filters': '[(1, 64), (2, 128), (3, 192), (4, 256), (5, 256), (6, 256), (7, 256)]', 'character_embedding_dim': 4, 'char_embedder_highway_layers': 2, 'adaptive_input': False, 'adaptive_input_factor': 4.0, 'adaptive_input_cutoff': None, 'tie_adaptive_weights': False, 'tie_adaptive_proj': False, 'decoder_learned_pos': False, 'layernorm_embedding': False, 'no_scale_embedding': False, 'checkpoint_activations': False, 'offload_activations': False, 'decoder_layerdrop': 0.0, 'decoder_layers_to_keep': None, 'quant_noise_pq': 0.0, 'quant_noise_pq_block_size': 8, 'quant_noise_scalar': 0.0, 'min_params_to_wrap': 100000000, 'base_layers': 0, 'base_sublayers': 1, 'base_shuffle': 0, 'scale_fc': False, 'scale_attn': False, 'scale_heads': False, 'scale_resids': False, 'add_bos_token': False, 'tokens_per_sample': 512, 'max_target_positions': None, 'tpu': False, 'use_knn_datastore': False, 'load_knn_datastore': False, 'dstore_fp16': False, 'use_gpu_to_search': False, 'move_dstore_to_mem': False, 'dstore_size': 10000000, 'k': 8, 'probe': 32, 'dstore_filename': 'data/datastore', 'use_joint_attention': False, 'joint_layer_index': 2}, 'task': {'_name': 'language_modeling', 'data': './data/finetune_data3', 'sample_break_mode': 'none', 'tokens_per_sample': 512, 'output_dictionary_size': -1, 'self_target': False, 'future_target': False, 'past_target': False, 'add_bos_token': False, 'max_target_positions': None, 'shorten_method': 'none', 'shorten_data_split_list': '', 'pad_to_fixed_length': False, 'pad_to_fixed_bsz': False, 'seed': 1, 'batch_size': None, 'batch_size_valid': None, 'dataset_impl': None, 'data_buffer_size': 10, 'tpu': False, 'use_plasma_view': False, 'plasma_path': '/tmp/plasma'}, 'criterion': {'_name': 'cross_entropy', 'sentence_avg': False}, 'optimizer': {'_name': 'adam', 'adam_betas': '(0.9, 0.98)', 'adam_eps': 1e-08, 'weight_decay': 0.01, 'use_old_adam': False, 'fp16_adam_stats': False, 'tpu': False, 'lr': [0.002]}, 'lr_scheduler': {'_name': 'inverse_sqrt', 'warmup_updates': 4000, 'warmup_init_lr': -1.0, 'lr': [0.002]}, 'scoring': {'_name': 'bleu', 'pad': 1, 'eos': 2, 'unk': 3}, 'bpe': None, 'tokenizer': None, 'ema': {'_name': None, 'store_ema': False, 'ema_decay': 0.9999, 'ema_start_update': 0, 'ema_seed_model': None, 'ema_update_freq': 1, 'ema_fp32': False}}
{'_name': 'language_modeling', 'data': './data/finetune_data3', 'sample_break_mode': none, 'tokens_per_sample': 512, 'output_dictionary_size': -1, 'self_target': False, 'future_target': False, 'past_target': False, 'add_bos_token': False, 'max_target_positions': None, 'shorten_method': none, 'shorten_data_split_list': '', 'pad_to_fixed_length': False, 'pad_to_fixed_bsz': False, 'seed': 1, 'batch_size': None, 'batch_size_valid': None, 'dataset_impl': None, 'data_buffer_size': 10, 'tpu': False, 'use_plasma_view': False, 'plasma_path': '/tmp/plasma'}
{'_name': 'language_modeling', 'data': './data/finetune_data3', 'sample_break_mode': none, 'tokens_per_sample': 512, 'output_dictionary_size': -1, 'self_target': False, 'future_target': False, 'past_target': False, 'add_bos_token': False, 'max_target_positions': None, 'shorten_method': none, 'shorten_data_split_list': '', 'pad_to_fixed_length': False, 'pad_to_fixed_bsz': False, 'seed': 1, 'batch_size': None, 'batch_size_valid': None, 'dataset_impl': None, 'data_buffer_size': 10, 'tpu': False, 'use_plasma_view': False, 'plasma_path': '/tmp/plasma'}
2024-05-30 14:24:10 | INFO | fairseq.tasks.language_modeling | dictionary: 49412 types
2024-05-30 14:24:11 | INFO | fairseq_cli.train | TransformerLanguageModel(
  (decoder): TransformerDecoder(
    (dropout_module): FairseqDropout()
    (embed_tokens): Embedding(49412, 768, padding_idx=1)
    (embed_positions): SinusoidalPositionalEmbedding()
    (layers): ModuleList(
      (0-11): 12 x TransformerDecoderLayerBase(
        (dropout_module): FairseqDropout()
        (self_attn): MultiheadAttention(
          (dropout_module): FairseqDropout()
          (k_proj): Linear(in_features=768, out_features=768, bias=True)
          (v_proj): Linear(in_features=768, out_features=768, bias=True)
          (q_proj): Linear(in_features=768, out_features=768, bias=True)
          (out_proj): Linear(in_features=768, out_features=768, bias=True)
        )
        (activation_dropout_module): FairseqDropout()
        (self_attn_layer_norm): LayerNorm((768,), eps=1e-05, elementwise_affine=True)
        (fc1): Linear(in_features=768, out_features=3072, bias=True)
        (fc2): Linear(in_features=3072, out_features=768, bias=True)
        (final_layer_norm): LayerNorm((768,), eps=1e-05, elementwise_affine=True)
      )
    )
    (layer_norm): LayerNorm((768,), eps=1e-05, elementwise_affine=True)
    (output_projection): Linear(in_features=768, out_features=49412, bias=False)
  )
)
2024-05-30 14:24:11 | INFO | fairseq_cli.train | task: LanguageModelingTask
2024-05-30 14:24:11 | INFO | fairseq_cli.train | model: TransformerLanguageModel
2024-05-30 14:24:11 | INFO | fairseq_cli.train | criterion: CrossEntropyCriterion
2024-05-30 14:24:11 | INFO | fairseq_cli.train | num. shared model params: 123,004,416 (num. trained: 123,004,416)
2024-05-30 14:24:11 | INFO | fairseq_cli.train | num. expert model params: 0 (num. trained: 0)
2024-05-30 14:24:11 | INFO | fairseq.data.data_utils | loaded 4,152,408 examples from: ./data/finetune_data3/valid
2024-05-30 14:24:11 | INFO | fairseq.trainer | detected shared parameter: decoder.embed_tokens.weight <- decoder.output_projection.weight
2024-05-30 14:24:20 | INFO | fairseq.utils | ***********************CUDA enviroments for all 4 workers***********************
2024-05-30 14:24:20 | INFO | fairseq.utils | rank   0: capabilities =  8.0  ; total memory = 79.151 GB ; name = NVIDIA A100-SXM4-80GB                   
2024-05-30 14:24:20 | INFO | fairseq.utils | rank   1: capabilities =  8.0  ; total memory = 79.151 GB ; name = NVIDIA A100-SXM4-80GB                   
2024-05-30 14:24:20 | INFO | fairseq.utils | rank   2: capabilities =  8.0  ; total memory = 79.151 GB ; name = NVIDIA A100-SXM4-80GB                   
2024-05-30 14:24:20 | INFO | fairseq.utils | rank   3: capabilities =  8.0  ; total memory = 79.151 GB ; name = NVIDIA A100-SXM4-80GB                   
2024-05-30 14:24:20 | INFO | fairseq.utils | ***********************CUDA enviroments for all 4 workers***********************
2024-05-30 14:24:20 | INFO | fairseq_cli.train | training on 4 devices (GPUs/TPUs)
2024-05-30 14:24:20 | INFO | fairseq_cli.train | max tokens per device = 65536 and max sentences per device = None
2024-05-30 14:24:20 | INFO | fairseq.checkpoint_utils | loading pretrained model from ./CHECKPOINTS/checkpoint_gpt_blind_lrx4_40600upd/checkpoint_last.pt: optimizer, lr scheduler, meters, dataloader will be reset
2024-05-30 14:24:20 | INFO | fairseq.trainer | Preparing to load checkpoint ./CHECKPOINTS/checkpoint_gpt_blind_lrx4_40600upd/checkpoint_last.pt
2024-05-30 14:24:36 | INFO | fairseq.trainer | Loaded checkpoint ./CHECKPOINTS/checkpoint_gpt_blind_lrx4_40600upd/checkpoint_last.pt (epoch 7 @ 0 updates)
2024-05-30 14:24:36 | INFO | fairseq.trainer | loading train data for epoch 1
2024-05-30 14:24:36 | INFO | fairseq.data.data_utils | loaded 4,152,408 examples from: ./data/finetune_data3/train
2024-05-30 14:24:36 | INFO | fairseq.data.iterators | grouped total_num_itrs = 188
2024-05-30 14:24:38 | INFO | fairseq.trainer | begin training epoch 1
2024-05-30 14:24:38 | INFO | fairseq_cli.train | Start iterating over samples
2024-05-30 14:24:39 | INFO | fairseq.trainer | NOTE: gradient overflow detected, ignoring gradient, setting loss scale to: 64.0
2024-05-30 14:24:42 | INFO | fairseq.trainer | NOTE: gradient overflow detected, ignoring gradient, setting loss scale to: 32.0
2024-05-30 14:24:44 | INFO | fairseq.trainer | NOTE: gradient overflow detected, ignoring gradient, setting loss scale to: 16.0
2024-05-30 14:24:46 | INFO | fairseq.trainer | NOTE: gradient overflow detected, ignoring gradient, setting loss scale to: 8.0
2024-05-30 14:24:49 | INFO | fairseq.trainer | NOTE: gradient overflow detected, ignoring gradient, setting loss scale to: 4.0
2024-05-30 14:24:51 | INFO | fairseq.trainer | NOTE: gradient overflow detected, ignoring gradient, setting loss scale to: 2.0
2024-05-30 14:24:54 | INFO | fairseq.trainer | NOTE: gradient overflow detected, ignoring gradient, setting loss scale to: 1.0
2024-05-30 14:25:57 | INFO | train_inner | epoch 001:    107 / 188 loss=5.845, ppl=57.48, wps=429290, ups=1.64, wpb=261330, bsz=510.4, num_updates=100, lr=5e-05, gnorm=1.478, clip=23, loss_scale=1, train_wall=78, gb_free=12.6, wall=96
2024-05-30 14:26:44 | INFO | fairseq.checkpoint_utils | Preparing to save checkpoint for epoch 1 @ 181 updates
2024-05-30 14:26:44 | INFO | fairseq.trainer | Saving checkpoint to ./CHECKPOINTS/checkpoint_gpt_blind_lrx4_40600upd_more_finetune_200upd_3/checkpoint1.pt
2024-05-30 14:27:00 | INFO | fairseq.trainer | Finished saving checkpoint to ./CHECKPOINTS/checkpoint_gpt_blind_lrx4_40600upd_more_finetune_200upd_3/checkpoint1.pt
2024-05-30 14:27:28 | INFO | fairseq.checkpoint_utils | Saved checkpoint ./CHECKPOINTS/checkpoint_gpt_blind_lrx4_40600upd_more_finetune_200upd_3/checkpoint1.pt (epoch 1 @ 181 updates, score None) (writing took 43.45324392803013 seconds)
2024-05-30 14:27:28 | INFO | fairseq_cli.train | end of epoch 1 (average epoch stats below)
2024-05-30 14:27:28 | INFO | train | epoch 001 | loss 5.586 | ppl 48.05 | wps 310364 | ups 1.19 | wpb 261331 | bsz 510.4 | num_updates 181 | lr 9.05e-05 | gnorm 0.947 | clip 12.7 | loss_scale 1 | train_wall 126 | gb_free 12.6 | wall 187
2024-05-30 14:27:28 | INFO | fairseq.data.iterators | grouped total_num_itrs = 188
2024-05-30 14:27:28 | INFO | fairseq.trainer | begin training epoch 2
2024-05-30 14:27:28 | INFO | fairseq_cli.train | Start iterating over samples
2024-05-30 14:27:39 | INFO | train_inner | epoch 002:     19 / 188 loss=5.234, ppl=37.64, wps=254000, ups=0.97, wpb=260673, bsz=509.1, num_updates=200, lr=0.0001, gnorm=0.29, clip=0, loss_scale=1, train_wall=59, gb_free=12.6, wall=199
2024-05-30 14:28:38 | INFO | train_inner | epoch 002:    119 / 188 loss=4.964, ppl=31.21, wps=443661, ups=1.69, wpb=262144, bsz=512, num_updates=300, lr=0.00015, gnorm=0.291, clip=0, loss_scale=1, train_wall=59, gb_free=12.6, wall=258
2024-05-30 14:29:19 | INFO | fairseq.checkpoint_utils | Preparing to save checkpoint for epoch 2 @ 369 updates
2024-05-30 14:29:19 | INFO | fairseq.trainer | Saving checkpoint to ./CHECKPOINTS/checkpoint_gpt_blind_lrx4_40600upd_more_finetune_200upd_3/checkpoint2.pt
2024-05-30 14:29:34 | INFO | fairseq.trainer | Finished saving checkpoint to ./CHECKPOINTS/checkpoint_gpt_blind_lrx4_40600upd_more_finetune_200upd_3/checkpoint2.pt
2024-05-30 14:30:03 | INFO | fairseq.checkpoint_utils | Saved checkpoint ./CHECKPOINTS/checkpoint_gpt_blind_lrx4_40600upd_more_finetune_200upd_3/checkpoint2.pt (epoch 2 @ 369 updates, score None) (writing took 44.0551028419286 seconds)
2024-05-30 14:30:03 | INFO | fairseq_cli.train | end of epoch 2 (average epoch stats below)
2024-05-30 14:30:03 | INFO | train | epoch 002 | loss 4.93 | ppl 30.48 | wps 316472 | ups 1.21 | wpb 261362 | bsz 510.5 | num_updates 369 | lr 0.0001845 | gnorm 0.294 | clip 0 | loss_scale 1 | train_wall 111 | gb_free 12.6 | wall 343
2024-05-30 14:30:03 | INFO | fairseq.data.iterators | grouped total_num_itrs = 188
2024-05-30 14:30:03 | INFO | fairseq.trainer | begin training epoch 3
2024-05-30 14:30:03 | INFO | fairseq_cli.train | Start iterating over samples
2024-05-30 14:30:22 | INFO | train_inner | epoch 003:     31 / 188 loss=4.813, ppl=28.11, wps=253219, ups=0.97, wpb=261487, bsz=510.7, num_updates=400, lr=0.0002, gnorm=0.302, clip=0, loss_scale=1, train_wall=59, gb_free=12.6, wall=361
2024-05-30 14:31:21 | INFO | train_inner | epoch 003:    131 / 188 loss=4.711, ppl=26.19, wps=442525, ups=1.69, wpb=261494, bsz=510.7, num_updates=500, lr=0.00025, gnorm=0.3, clip=0, loss_scale=1, train_wall=59, gb_free=12.6, wall=420
2024-05-30 14:31:54 | INFO | fairseq.checkpoint_utils | Preparing to save checkpoint for epoch 3 @ 557 updates
2024-05-30 14:31:54 | INFO | fairseq.trainer | Saving checkpoint to ./CHECKPOINTS/checkpoint_gpt_blind_lrx4_40600upd_more_finetune_200upd_3/checkpoint3.pt
2024-05-30 14:32:09 | INFO | fairseq.trainer | Finished saving checkpoint to ./CHECKPOINTS/checkpoint_gpt_blind_lrx4_40600upd_more_finetune_200upd_3/checkpoint3.pt
2024-05-30 14:32:38 | INFO | fairseq.checkpoint_utils | Saved checkpoint ./CHECKPOINTS/checkpoint_gpt_blind_lrx4_40600upd_more_finetune_200upd_3/checkpoint3.pt (epoch 3 @ 557 updates, score None) (writing took 43.47491125203669 seconds)
2024-05-30 14:32:38 | INFO | fairseq_cli.train | end of epoch 3 (average epoch stats below)
2024-05-30 14:32:38 | INFO | train | epoch 003 | loss 4.702 | ppl 26.03 | wps 317670 | ups 1.22 | wpb 261362 | bsz 510.5 | num_updates 557 | lr 0.0002785 | gnorm 0.309 | clip 0 | loss_scale 1 | train_wall 111 | gb_free 12.6 | wall 497
2024-05-30 14:32:38 | INFO | fairseq.data.iterators | grouped total_num_itrs = 188
2024-05-30 14:32:38 | INFO | fairseq.trainer | begin training epoch 4
2024-05-30 14:32:38 | INFO | fairseq_cli.train | Start iterating over samples
2024-05-30 14:33:03 | INFO | train_inner | epoch 004:     43 / 188 loss=4.634, ppl=24.82, wps=254335, ups=0.97, wpb=261323, bsz=510.4, num_updates=600, lr=0.0003, gnorm=0.329, clip=0, loss_scale=1, train_wall=59, gb_free=12.6, wall=523
2024-05-30 14:34:03 | INFO | train_inner | epoch 004:    143 / 188 loss=4.57, ppl=23.75, wps=442006, ups=1.69, wpb=261978, bsz=511.7, num_updates=700, lr=0.00035, gnorm=0.334, clip=0, loss_scale=1, train_wall=59, gb_free=12.6, wall=582
2024-05-30 14:34:29 | INFO | fairseq.checkpoint_utils | Preparing to save checkpoint for epoch 4 @ 745 updates
2024-05-30 14:34:29 | INFO | fairseq.trainer | Saving checkpoint to ./CHECKPOINTS/checkpoint_gpt_blind_lrx4_40600upd_more_finetune_200upd_3/checkpoint4.pt
2024-05-30 14:34:44 | INFO | fairseq.trainer | Finished saving checkpoint to ./CHECKPOINTS/checkpoint_gpt_blind_lrx4_40600upd_more_finetune_200upd_3/checkpoint4.pt
2024-05-30 14:35:13 | INFO | fairseq.checkpoint_utils | Saved checkpoint ./CHECKPOINTS/checkpoint_gpt_blind_lrx4_40600upd_more_finetune_200upd_3/checkpoint4.pt (epoch 4 @ 745 updates, score None) (writing took 43.585088616237044 seconds)
2024-05-30 14:35:13 | INFO | fairseq_cli.train | end of epoch 4 (average epoch stats below)
2024-05-30 14:35:13 | INFO | train | epoch 004 | loss 4.572 | ppl 23.79 | wps 316816 | ups 1.21 | wpb 261362 | bsz 510.5 | num_updates 745 | lr 0.0003725 | gnorm 0.327 | clip 0 | loss_scale 1 | train_wall 111 | gb_free 12.6 | wall 653
2024-05-30 14:35:13 | INFO | fairseq.data.iterators | grouped total_num_itrs = 188
2024-05-30 14:35:13 | INFO | fairseq.trainer | begin training epoch 5
2024-05-30 14:35:13 | INFO | fairseq_cli.train | Start iterating over samples
2024-05-30 14:35:45 | INFO | train_inner | epoch 005:     55 / 188 loss=4.517, ppl=22.9, wps=253624, ups=0.97, wpb=260837, bsz=509.4, num_updates=800, lr=0.0004, gnorm=0.336, clip=0, loss_scale=1, train_wall=59, gb_free=12.6, wall=685
2024-05-30 14:35:45 | INFO | fairseq_cli.train | Stopping training due to num_updates: 800 >= max_update: 800
2024-05-30 14:35:45 | INFO | fairseq.checkpoint_utils | Preparing to save checkpoint for epoch 5 @ 800 updates
2024-05-30 14:35:45 | INFO | fairseq.trainer | Saving checkpoint to ./CHECKPOINTS/checkpoint_gpt_blind_lrx4_40600upd_more_finetune_200upd_3/checkpoint_last.pt
2024-05-30 14:36:01 | INFO | fairseq.trainer | Finished saving checkpoint to ./CHECKPOINTS/checkpoint_gpt_blind_lrx4_40600upd_more_finetune_200upd_3/checkpoint_last.pt
2024-05-30 14:36:01 | INFO | fairseq.checkpoint_utils | Saved checkpoint ./CHECKPOINTS/checkpoint_gpt_blind_lrx4_40600upd_more_finetune_200upd_3/checkpoint_last.pt (epoch 5 @ 800 updates, score None) (writing took 15.560170944780111 seconds)
2024-05-30 14:36:01 | INFO | fairseq_cli.train | end of epoch 5 (average epoch stats below)
2024-05-30 14:36:01 | INFO | train | epoch 005 | loss 4.495 | ppl 22.56 | wps 299268 | ups 1.14 | wpb 262141 | bsz 512 | num_updates 800 | lr 0.0004 | gnorm 0.357 | clip 0 | loss_scale 1 | train_wall 32 | gb_free 12.6 | wall 701
2024-05-30 14:36:01 | INFO | fairseq_cli.train | done training in 685.3 seconds
Amaitu da
